<?xml version="1.0" encoding="UTF-8"?>
<!DOCTYPE coverage SYSTEM "http://cobertura.sourceforge.net/xml/coverage-04.dtd">
<coverage line-rate="0.18146341463415" branch-rate="0" lines-covered="372" lines-valid="2050" branches-covered="0" branches-valid="0" complexity="749" version="0.4" timestamp="0">
  <sources>
    <source>/var/www/html/valksor-dev/src/ValksorDev/Build</source>
  </sources>
  <packages>
    <package name="Binary/BinaryAssetManager.php" line-rate="0.45" branch-rate="0" complexity="59">
      <classes>
        <class name="ValksorDev\Build\Binary\BinaryAssetManager" filename="Binary/BinaryAssetManager.php" line-rate="0.45" branch-rate="0" complexity="59">
          <methods>
            <method name="__construct" signature="array $toolConfig" line-rate="1" branch-rate="0" complexity="1">
              <lines>
                <line number="69" hits="11"/>
              </lines>
            </method>
            <method name="ensureLatest" signature="?callable $logger" line-rate="0.5" branch-rate="0" complexity="7">
              <lines>
                <line number="77" hits="4"/>
                <line number="78" hits="4"/>
                <line number="80" hits="4"/>
                <line number="81" hits="1"/>
                <line number="82" hits="1"/>
                <line number="84" hits="1"/>
                <line number="85" hits="0"/>
                <line number="87" hits="0"/>
                <line number="90" hits="1"/>
                <line number="92" hits="1"/>
                <line number="93" hits="1"/>
                <line number="94" hits="0"/>
                <line number="95" hits="0"/>
                <line number="97" hits="0"/>
                <line number="98" hits="0"/>
                <line number="102" hits="0"/>
                <line number="103" hits="0"/>
                <line number="105" hits="0"/>
              </lines>
            </method>
            <method name="createFromDefinition" signature="array $definition" line-rate="0" branch-rate="0" complexity="4">
              <lines>
                <line number="114" hits="0"/>
                <line number="115" hits="0"/>
                <line number="118" hits="0"/>
                <line number="119" hits="0"/>
                <line number="122" hits="0"/>
                <line number="123" hits="0"/>
                <line number="126" hits="0"/>
              </lines>
            </method>
            <method name="detectPlatform" signature="" line-rate="0.55555555555556" branch-rate="0" complexity="8">
              <lines>
                <line number="134" hits="1"/>
                <line number="135" hits="1"/>
                <line number="137" hits="1"/>
                <line number="138" hits="0"/>
                <line number="141" hits="1"/>
                <line number="142" hits="1"/>
                <line number="145" hits="0"/>
                <line number="146" hits="0"/>
                <line number="149" hits="0"/>
              </lines>
            </method>
            <method name="assetsPresent" signature="string $targetDir" line-rate="1" branch-rate="0" complexity="3">
              <lines>
                <line number="155" hits="2"/>
                <line number="156" hits="1"/>
                <line number="157" hits="1"/>
                <line number="161" hits="2"/>
              </lines>
            </method>
            <method name="downloadAsset" signature="string $tag, array $assetConfig, string $targetDir" line-rate="0" branch-rate="0" complexity="4">
              <lines>
                <line number="172" hits="0"/>
                <line number="173" hits="0"/>
                <line number="174" hits="0"/>
                <line number="175" hits="0"/>
                <line number="176" hits="0"/>
                <line number="177" hits="0"/>
                <line number="179" hits="0"/>
                <line number="180" hits="0"/>
                <line number="181" hits="0"/>
                <line number="182" hits="0"/>
                <line number="183" hits="0"/>
                <line number="184" hits="0"/>
                <line number="185" hits="0"/>
                <line number="186" hits="0"/>
                <line number="187" hits="0"/>
                <line number="188" hits="0"/>
                <line number="190" hits="0"/>
                <line number="192" hits="0"/>
                <line number="193" hits="0"/>
                <line number="196" hits="0"/>
                <line number="198" hits="0"/>
                <line number="199" hits="0"/>
                <line number="202" hits="0"/>
                <line number="203" hits="0"/>
              </lines>
            </method>
            <method name="downloadGithubZipAsset" signature="string $tag, string $version, string $targetDir" line-rate="0" branch-rate="0" complexity="4">
              <lines>
                <line number="212" hits="0"/>
                <line number="215" hits="0"/>
                <line number="216" hits="0"/>
                <line number="217" hits="0"/>
                <line number="218" hits="0"/>
                <line number="219" hits="0"/>
                <line number="220" hits="0"/>
                <line number="221" hits="0"/>
                <line number="222" hits="0"/>
                <line number="224" hits="0"/>
                <line number="225" hits="0"/>
                <line number="226" hits="0"/>
                <line number="227" hits="0"/>
                <line number="228" hits="0"/>
                <line number="229" hits="0"/>
                <line number="230" hits="0"/>
                <line number="231" hits="0"/>
                <line number="232" hits="0"/>
                <line number="233" hits="0"/>
                <line number="235" hits="0"/>
                <line number="237" hits="0"/>
                <line number="238" hits="0"/>
                <line number="241" hits="0"/>
                <line number="243" hits="0"/>
                <line number="244" hits="0"/>
                <line number="248" hits="0"/>
                <line number="250" hits="0"/>
                <line number="251" hits="0"/>
                <line number="254" hits="0"/>
                <line number="255" hits="0"/>
                <line number="257" hits="0"/>
              </lines>
            </method>
            <method name="downloadNpmAsset" signature="string $version, string $targetDir" line-rate="0.42857142857143" branch-rate="0" complexity="7">
              <lines>
                <line number="265" hits="1"/>
                <line number="266" hits="1"/>
                <line number="267" hits="1"/>
                <line number="268" hits="1"/>
                <line number="270" hits="1"/>
                <line number="271" hits="1"/>
                <line number="272" hits="1"/>
                <line number="273" hits="1"/>
                <line number="274" hits="1"/>
                <line number="275" hits="1"/>
                <line number="276" hits="1"/>
                <line number="277" hits="1"/>
                <line number="279" hits="1"/>
                <line number="281" hits="1"/>
                <line number="282" hits="1"/>
                <line number="285" hits="0"/>
                <line number="286" hits="0"/>
                <line number="289" hits="0"/>
                <line number="291" hits="0"/>
                <line number="292" hits="0"/>
                <line number="295" hits="0"/>
                <line number="296" hits="0"/>
                <line number="297" hits="0"/>
                <line number="299" hits="0"/>
                <line number="301" hits="0"/>
                <line number="302" hits="0"/>
                <line number="305" hits="0"/>
                <line number="307" hits="0"/>
                <line number="308" hits="0"/>
                <line number="311" hits="0"/>
                <line number="313" hits="0"/>
                <line number="314" hits="0"/>
                <line number="317" hits="0"/>
                <line number="318" hits="0"/>
                <line number="321" hits="0"/>
              </lines>
            </method>
            <method name="ensureDirectory" signature="string $directory" line-rate="1" branch-rate="0" complexity="2">
              <lines>
                <line number="328" hits="5"/>
                <line number="330" hits="5"/>
                <line number="331" hits="1"/>
                <line number="333" hits="1"/>
                <line number="336" hits="5"/>
              </lines>
            </method>
            <method name="fetchLatestNpmVersion" signature="" line-rate="0.8" branch-rate="0" complexity="4">
              <lines>
                <line number="344" hits="1"/>
                <line number="346" hits="1"/>
                <line number="347" hits="1"/>
                <line number="348" hits="1"/>
                <line number="349" hits="1"/>
                <line number="350" hits="1"/>
                <line number="351" hits="1"/>
                <line number="352" hits="1"/>
                <line number="354" hits="1"/>
                <line number="356" hits="1"/>
                <line number="357" hits="0"/>
                <line number="361" hits="1"/>
                <line number="362" hits="0"/>
                <line number="363" hits="0"/>
                <line number="366" hits="1"/>
                <line number="367" hits="0"/>
                <line number="370" hits="1"/>
                <line number="371" hits="1"/>
                <line number="372" hits="1"/>
                <line number="373" hits="1"/>
              </lines>
            </method>
            <method name="fetchLatestRelease" signature="" line-rate="0.64" branch-rate="0" complexity="5">
              <lines>
                <line number="381" hits="5"/>
                <line number="382" hits="1"/>
                <line number="385" hits="4"/>
                <line number="387" hits="4"/>
                <line number="388" hits="4"/>
                <line number="389" hits="4"/>
                <line number="390" hits="4"/>
                <line number="391" hits="4"/>
                <line number="392" hits="4"/>
                <line number="393" hits="4"/>
                <line number="394" hits="4"/>
                <line number="395" hits="4"/>
                <line number="396" hits="4"/>
                <line number="398" hits="4"/>
                <line number="400" hits="4"/>
                <line number="401" hits="4"/>
                <line number="405" hits="0"/>
                <line number="406" hits="0"/>
                <line number="407" hits="0"/>
                <line number="410" hits="0"/>
                <line number="411" hits="0"/>
                <line number="414" hits="0"/>
                <line number="415" hits="0"/>
                <line number="416" hits="0"/>
                <line number="417" hits="0"/>
              </lines>
            </method>
            <method name="log" signature="?callable $logger, string $message" line-rate="1" branch-rate="0" complexity="2">
              <lines>
                <line number="424" hits="2"/>
                <line number="425" hits="1"/>
              </lines>
            </method>
            <method name="readCurrentTag" signature="string $targetDir" line-rate="0.9" branch-rate="0" complexity="6">
              <lines>
                <line number="432" hits="2"/>
                <line number="434" hits="2"/>
                <line number="435" hits="2"/>
                <line number="438" hits="1"/>
                <line number="440" hits="1"/>
                <line number="441" hits="0"/>
                <line number="445" hits="1"/>
                <line number="446" hits="1"/>
                <line number="447" hits="1"/>
                <line number="450" hits="1"/>
              </lines>
            </method>
            <method name="writeVersionFile" signature="string $targetDir, string $tag, string $version" line-rate="0.88888888888889" branch-rate="0" complexity="2">
              <lines>
                <line number="461" hits="1"/>
                <line number="462" hits="1"/>
                <line number="463" hits="1"/>
                <line number="464" hits="1"/>
                <line number="465" hits="1"/>
                <line number="467" hits="1"/>
                <line number="468" hits="1"/>
                <line number="470" hits="1"/>
                <line number="471" hits="0"/>
              </lines>
            </method>
          </methods>
          <lines>
            <line number="69" hits="11"/>
            <line number="77" hits="4"/>
            <line number="78" hits="4"/>
            <line number="80" hits="4"/>
            <line number="81" hits="1"/>
            <line number="82" hits="1"/>
            <line number="84" hits="1"/>
            <line number="85" hits="0"/>
            <line number="87" hits="0"/>
            <line number="90" hits="1"/>
            <line number="92" hits="1"/>
            <line number="93" hits="1"/>
            <line number="94" hits="0"/>
            <line number="95" hits="0"/>
            <line number="97" hits="0"/>
            <line number="98" hits="0"/>
            <line number="102" hits="0"/>
            <line number="103" hits="0"/>
            <line number="105" hits="0"/>
            <line number="114" hits="0"/>
            <line number="115" hits="0"/>
            <line number="118" hits="0"/>
            <line number="119" hits="0"/>
            <line number="122" hits="0"/>
            <line number="123" hits="0"/>
            <line number="126" hits="0"/>
            <line number="134" hits="1"/>
            <line number="135" hits="1"/>
            <line number="137" hits="1"/>
            <line number="138" hits="0"/>
            <line number="141" hits="1"/>
            <line number="142" hits="1"/>
            <line number="145" hits="0"/>
            <line number="146" hits="0"/>
            <line number="149" hits="0"/>
            <line number="155" hits="2"/>
            <line number="156" hits="1"/>
            <line number="157" hits="1"/>
            <line number="161" hits="2"/>
            <line number="172" hits="0"/>
            <line number="173" hits="0"/>
            <line number="174" hits="0"/>
            <line number="175" hits="0"/>
            <line number="176" hits="0"/>
            <line number="177" hits="0"/>
            <line number="179" hits="0"/>
            <line number="180" hits="0"/>
            <line number="181" hits="0"/>
            <line number="182" hits="0"/>
            <line number="183" hits="0"/>
            <line number="184" hits="0"/>
            <line number="185" hits="0"/>
            <line number="186" hits="0"/>
            <line number="187" hits="0"/>
            <line number="188" hits="0"/>
            <line number="190" hits="0"/>
            <line number="192" hits="0"/>
            <line number="193" hits="0"/>
            <line number="196" hits="0"/>
            <line number="198" hits="0"/>
            <line number="199" hits="0"/>
            <line number="202" hits="0"/>
            <line number="203" hits="0"/>
            <line number="212" hits="0"/>
            <line number="215" hits="0"/>
            <line number="216" hits="0"/>
            <line number="217" hits="0"/>
            <line number="218" hits="0"/>
            <line number="219" hits="0"/>
            <line number="220" hits="0"/>
            <line number="221" hits="0"/>
            <line number="222" hits="0"/>
            <line number="224" hits="0"/>
            <line number="225" hits="0"/>
            <line number="226" hits="0"/>
            <line number="227" hits="0"/>
            <line number="228" hits="0"/>
            <line number="229" hits="0"/>
            <line number="230" hits="0"/>
            <line number="231" hits="0"/>
            <line number="232" hits="0"/>
            <line number="233" hits="0"/>
            <line number="235" hits="0"/>
            <line number="237" hits="0"/>
            <line number="238" hits="0"/>
            <line number="241" hits="0"/>
            <line number="243" hits="0"/>
            <line number="244" hits="0"/>
            <line number="248" hits="0"/>
            <line number="250" hits="0"/>
            <line number="251" hits="0"/>
            <line number="254" hits="0"/>
            <line number="255" hits="0"/>
            <line number="257" hits="0"/>
            <line number="265" hits="1"/>
            <line number="266" hits="1"/>
            <line number="267" hits="1"/>
            <line number="268" hits="1"/>
            <line number="270" hits="1"/>
            <line number="271" hits="1"/>
            <line number="272" hits="1"/>
            <line number="273" hits="1"/>
            <line number="274" hits="1"/>
            <line number="275" hits="1"/>
            <line number="276" hits="1"/>
            <line number="277" hits="1"/>
            <line number="279" hits="1"/>
            <line number="281" hits="1"/>
            <line number="282" hits="1"/>
            <line number="285" hits="0"/>
            <line number="286" hits="0"/>
            <line number="289" hits="0"/>
            <line number="291" hits="0"/>
            <line number="292" hits="0"/>
            <line number="295" hits="0"/>
            <line number="296" hits="0"/>
            <line number="297" hits="0"/>
            <line number="299" hits="0"/>
            <line number="301" hits="0"/>
            <line number="302" hits="0"/>
            <line number="305" hits="0"/>
            <line number="307" hits="0"/>
            <line number="308" hits="0"/>
            <line number="311" hits="0"/>
            <line number="313" hits="0"/>
            <line number="314" hits="0"/>
            <line number="317" hits="0"/>
            <line number="318" hits="0"/>
            <line number="321" hits="0"/>
            <line number="328" hits="5"/>
            <line number="330" hits="5"/>
            <line number="331" hits="1"/>
            <line number="333" hits="1"/>
            <line number="336" hits="5"/>
            <line number="344" hits="1"/>
            <line number="346" hits="1"/>
            <line number="347" hits="1"/>
            <line number="348" hits="1"/>
            <line number="349" hits="1"/>
            <line number="350" hits="1"/>
            <line number="351" hits="1"/>
            <line number="352" hits="1"/>
            <line number="354" hits="1"/>
            <line number="356" hits="1"/>
            <line number="357" hits="0"/>
            <line number="361" hits="1"/>
            <line number="362" hits="0"/>
            <line number="363" hits="0"/>
            <line number="366" hits="1"/>
            <line number="367" hits="0"/>
            <line number="370" hits="1"/>
            <line number="371" hits="1"/>
            <line number="372" hits="1"/>
            <line number="373" hits="1"/>
            <line number="381" hits="5"/>
            <line number="382" hits="1"/>
            <line number="385" hits="4"/>
            <line number="387" hits="4"/>
            <line number="388" hits="4"/>
            <line number="389" hits="4"/>
            <line number="390" hits="4"/>
            <line number="391" hits="4"/>
            <line number="392" hits="4"/>
            <line number="393" hits="4"/>
            <line number="394" hits="4"/>
            <line number="395" hits="4"/>
            <line number="396" hits="4"/>
            <line number="398" hits="4"/>
            <line number="400" hits="4"/>
            <line number="401" hits="4"/>
            <line number="405" hits="0"/>
            <line number="406" hits="0"/>
            <line number="407" hits="0"/>
            <line number="410" hits="0"/>
            <line number="411" hits="0"/>
            <line number="414" hits="0"/>
            <line number="415" hits="0"/>
            <line number="416" hits="0"/>
            <line number="417" hits="0"/>
            <line number="424" hits="2"/>
            <line number="425" hits="1"/>
            <line number="432" hits="2"/>
            <line number="434" hits="2"/>
            <line number="435" hits="2"/>
            <line number="438" hits="1"/>
            <line number="440" hits="1"/>
            <line number="441" hits="0"/>
            <line number="445" hits="1"/>
            <line number="446" hits="1"/>
            <line number="447" hits="1"/>
            <line number="450" hits="1"/>
            <line number="461" hits="1"/>
            <line number="462" hits="1"/>
            <line number="463" hits="1"/>
            <line number="464" hits="1"/>
            <line number="465" hits="1"/>
            <line number="467" hits="1"/>
            <line number="468" hits="1"/>
            <line number="470" hits="1"/>
            <line number="471" hits="0"/>
          </lines>
        </class>
      </classes>
    </package>
    <package name="Binary/BinaryInterface.php" line-rate="0" branch-rate="0" complexity="0">
      <classes/>
    </package>
    <package name="Binary/BinaryRegistry.php" line-rate="1" branch-rate="0" complexity="7">
      <classes>
        <class name="ValksorDev\Build\Binary\BinaryRegistry" filename="Binary/BinaryRegistry.php" line-rate="1" branch-rate="0" complexity="7">
          <methods>
            <method name="__construct" signature="iterable $providers" line-rate="1" branch-rate="0" complexity="2">
              <lines>
                <line number="41" hits="13"/>
                <line number="42" hits="1"/>
              </lines>
            </method>
            <method name="get" signature="string $name" line-rate="1" branch-rate="0" complexity="2">
              <lines>
                <line number="58" hits="4"/>
                <line number="59" hits="1"/>
                <line number="62" hits="3"/>
              </lines>
            </method>
            <method name="getAvailableNames" signature="" line-rate="1" branch-rate="0" complexity="1">
              <lines>
                <line number="72" hits="4"/>
              </lines>
            </method>
            <method name="has" signature="string $name" line-rate="1" branch-rate="0" complexity="1">
              <lines>
                <line number="85" hits="8"/>
              </lines>
            </method>
            <method name="register" signature="BinaryInterface $provider" line-rate="1" branch-rate="0" complexity="1">
              <lines>
                <line number="96" hits="7"/>
              </lines>
            </method>
          </methods>
          <lines>
            <line number="41" hits="13"/>
            <line number="42" hits="1"/>
            <line number="58" hits="4"/>
            <line number="59" hits="1"/>
            <line number="62" hits="3"/>
            <line number="72" hits="4"/>
            <line number="85" hits="8"/>
            <line number="96" hits="7"/>
          </lines>
        </class>
      </classes>
    </package>
    <package name="Binary/DaisyUiBinary.php" line-rate="0" branch-rate="0" complexity="3">
      <classes>
        <class name="ValksorDev\Build\Binary\DaisyUiBinary" filename="Binary/DaisyUiBinary.php" line-rate="0" branch-rate="0" complexity="3">
          <methods>
            <method name="createManager" signature="string $varDir" line-rate="0" branch-rate="0" complexity="1">
              <lines>
                <line number="23" hits="0"/>
              </lines>
            </method>
            <method name="getName" signature="" line-rate="0" branch-rate="0" complexity="1">
              <lines>
                <line number="28" hits="0"/>
              </lines>
            </method>
            <method name="createForDaisyUi" signature="string $targetDir" line-rate="0" branch-rate="0" complexity="1">
              <lines>
                <line number="34" hits="0"/>
                <line number="35" hits="0"/>
                <line number="36" hits="0"/>
                <line number="37" hits="0"/>
                <line number="38" hits="0"/>
                <line number="39" hits="0"/>
                <line number="40" hits="0"/>
                <line number="41" hits="0"/>
                <line number="42" hits="0"/>
                <line number="43" hits="0"/>
                <line number="44" hits="0"/>
                <line number="45" hits="0"/>
                <line number="46" hits="0"/>
                <line number="47" hits="0"/>
                <line number="48" hits="0"/>
                <line number="49" hits="0"/>
                <line number="50" hits="0"/>
                <line number="51" hits="0"/>
              </lines>
            </method>
          </methods>
          <lines>
            <line number="23" hits="0"/>
            <line number="28" hits="0"/>
            <line number="34" hits="0"/>
            <line number="35" hits="0"/>
            <line number="36" hits="0"/>
            <line number="37" hits="0"/>
            <line number="38" hits="0"/>
            <line number="39" hits="0"/>
            <line number="40" hits="0"/>
            <line number="41" hits="0"/>
            <line number="42" hits="0"/>
            <line number="43" hits="0"/>
            <line number="44" hits="0"/>
            <line number="45" hits="0"/>
            <line number="46" hits="0"/>
            <line number="47" hits="0"/>
            <line number="48" hits="0"/>
            <line number="49" hits="0"/>
            <line number="50" hits="0"/>
            <line number="51" hits="0"/>
          </lines>
        </class>
      </classes>
    </package>
    <package name="Binary/EsbuildBinary.php" line-rate="0" branch-rate="0" complexity="3">
      <classes>
        <class name="ValksorDev\Build\Binary\EsbuildBinary" filename="Binary/EsbuildBinary.php" line-rate="0" branch-rate="0" complexity="3">
          <methods>
            <method name="createManager" signature="string $varDir" line-rate="0" branch-rate="0" complexity="1">
              <lines>
                <line number="23" hits="0"/>
              </lines>
            </method>
            <method name="getName" signature="" line-rate="0" branch-rate="0" complexity="1">
              <lines>
                <line number="28" hits="0"/>
              </lines>
            </method>
            <method name="createForEsbuild" signature="string $targetDir" line-rate="0" branch-rate="0" complexity="1">
              <lines>
                <line number="34" hits="0"/>
                <line number="35" hits="0"/>
                <line number="36" hits="0"/>
                <line number="37" hits="0"/>
                <line number="38" hits="0"/>
                <line number="39" hits="0"/>
                <line number="40" hits="0"/>
                <line number="41" hits="0"/>
                <line number="42" hits="0"/>
                <line number="43" hits="0"/>
                <line number="44" hits="0"/>
                <line number="45" hits="0"/>
                <line number="46" hits="0"/>
                <line number="47" hits="0"/>
              </lines>
            </method>
          </methods>
          <lines>
            <line number="23" hits="0"/>
            <line number="28" hits="0"/>
            <line number="34" hits="0"/>
            <line number="35" hits="0"/>
            <line number="36" hits="0"/>
            <line number="37" hits="0"/>
            <line number="38" hits="0"/>
            <line number="39" hits="0"/>
            <line number="40" hits="0"/>
            <line number="41" hits="0"/>
            <line number="42" hits="0"/>
            <line number="43" hits="0"/>
            <line number="44" hits="0"/>
            <line number="45" hits="0"/>
            <line number="46" hits="0"/>
            <line number="47" hits="0"/>
          </lines>
        </class>
      </classes>
    </package>
    <package name="Binary/LucideBinary.php" line-rate="0" branch-rate="0" complexity="3">
      <classes>
        <class name="ValksorDev\Build\Binary\LucideBinary" filename="Binary/LucideBinary.php" line-rate="0" branch-rate="0" complexity="3">
          <methods>
            <method name="createManager" signature="string $varDir" line-rate="0" branch-rate="0" complexity="1">
              <lines>
                <line number="23" hits="0"/>
              </lines>
            </method>
            <method name="getName" signature="" line-rate="0" branch-rate="0" complexity="1">
              <lines>
                <line number="28" hits="0"/>
              </lines>
            </method>
            <method name="createForLucide" signature="string $targetDir" line-rate="0" branch-rate="0" complexity="1">
              <lines>
                <line number="34" hits="0"/>
                <line number="35" hits="0"/>
                <line number="36" hits="0"/>
                <line number="37" hits="0"/>
                <line number="38" hits="0"/>
                <line number="39" hits="0"/>
                <line number="40" hits="0"/>
                <line number="41" hits="0"/>
                <line number="42" hits="0"/>
                <line number="43" hits="0"/>
                <line number="44" hits="0"/>
                <line number="45" hits="0"/>
                <line number="46" hits="0"/>
                <line number="47" hits="0"/>
              </lines>
            </method>
          </methods>
          <lines>
            <line number="23" hits="0"/>
            <line number="28" hits="0"/>
            <line number="34" hits="0"/>
            <line number="35" hits="0"/>
            <line number="36" hits="0"/>
            <line number="37" hits="0"/>
            <line number="38" hits="0"/>
            <line number="39" hits="0"/>
            <line number="40" hits="0"/>
            <line number="41" hits="0"/>
            <line number="42" hits="0"/>
            <line number="43" hits="0"/>
            <line number="44" hits="0"/>
            <line number="45" hits="0"/>
            <line number="46" hits="0"/>
            <line number="47" hits="0"/>
          </lines>
        </class>
      </classes>
    </package>
    <package name="Binary/TailwindBinary.php" line-rate="0" branch-rate="0" complexity="3">
      <classes>
        <class name="ValksorDev\Build\Binary\TailwindBinary" filename="Binary/TailwindBinary.php" line-rate="0" branch-rate="0" complexity="3">
          <methods>
            <method name="createManager" signature="string $varDir" line-rate="0" branch-rate="0" complexity="1">
              <lines>
                <line number="25" hits="0"/>
              </lines>
            </method>
            <method name="getName" signature="" line-rate="0" branch-rate="0" complexity="1">
              <lines>
                <line number="30" hits="0"/>
              </lines>
            </method>
            <method name="createForTailwindCss" signature="string $targetDir" line-rate="0" branch-rate="0" complexity="1">
              <lines>
                <line number="36" hits="0"/>
                <line number="38" hits="0"/>
                <line number="39" hits="0"/>
                <line number="40" hits="0"/>
                <line number="41" hits="0"/>
                <line number="42" hits="0"/>
                <line number="43" hits="0"/>
                <line number="44" hits="0"/>
                <line number="45" hits="0"/>
                <line number="46" hits="0"/>
                <line number="47" hits="0"/>
                <line number="48" hits="0"/>
                <line number="49" hits="0"/>
                <line number="50" hits="0"/>
              </lines>
            </method>
          </methods>
          <lines>
            <line number="25" hits="0"/>
            <line number="30" hits="0"/>
            <line number="36" hits="0"/>
            <line number="38" hits="0"/>
            <line number="39" hits="0"/>
            <line number="40" hits="0"/>
            <line number="41" hits="0"/>
            <line number="42" hits="0"/>
            <line number="43" hits="0"/>
            <line number="44" hits="0"/>
            <line number="45" hits="0"/>
            <line number="46" hits="0"/>
            <line number="47" hits="0"/>
            <line number="48" hits="0"/>
            <line number="49" hits="0"/>
            <line number="50" hits="0"/>
          </lines>
        </class>
      </classes>
    </package>
    <package name="Command/AbstractCommand.php" line-rate="0.098039215686275" branch-rate="0" complexity="28">
      <classes>
        <class name="ValksorDev\Build\Command\AbstractCommand" filename="Command/AbstractCommand.php" line-rate="0.098039215686275" branch-rate="0" complexity="28">
          <methods>
            <method name="__construct" signature="ParameterBagInterface $parameterBag, ProviderRegistry $providerRegistry" line-rate="1" branch-rate="0" complexity="1">
              <lines>
                <line number="79" hits="43"/>
              </lines>
            </method>
            <method name="handleWatchMode" signature="object $service, InputInterface $input, string $serviceName" line-rate="0.33333333333333" branch-rate="0" complexity="4">
              <lines>
                <line number="119" hits="1"/>
                <line number="122" hits="1"/>
                <line number="124" hits="1"/>
                <line number="129" hits="0"/>
                <line number="132" hits="0"/>
                <line number="133" hits="0"/>
                <line number="138" hits="0"/>
                <line number="139" hits="0"/>
                <line number="141" hits="0"/>
              </lines>
            </method>
            <method name="isNonInteractive" signature="InputInterface $input" line-rate="0" branch-rate="0" complexity="1">
              <lines>
                <line number="147" hits="0"/>
              </lines>
            </method>
            <method name="isWatchMode" signature="InputInterface $input" line-rate="1" branch-rate="0" complexity="1">
              <lines>
                <line number="153" hits="1"/>
              </lines>
            </method>
            <method name="runInit" signature="SymfonyStyle $io" line-rate="0" branch-rate="0" complexity="4">
              <lines>
                <line number="162" hits="0"/>
                <line number="163" hits="0"/>
                <line number="165" hits="0"/>
                <line number="166" hits="0"/>
                <line number="169" hits="0"/>
                <line number="172" hits="0"/>
                <line number="173" hits="0"/>
                <line number="174" hits="0"/>
                <line number="175" hits="0"/>
                <line number="179" hits="0"/>
                <line number="180" hits="0"/>
                <line number="181" hits="0"/>
                <line number="182" hits="0"/>
                <line number="185" hits="0"/>
              </lines>
            </method>
            <method name="runProvider" signature="string $name, $provider, array $options" line-rate="0" branch-rate="0" complexity="3">
              <lines>
                <line number="197" hits="0"/>
                <line number="198" hits="0"/>
                <line number="200" hits="0"/>
                <line number="201" hits="0"/>
              </lines>
            </method>
            <method name="runSseCommand" signature="" line-rate="0" branch-rate="0" complexity="6">
              <lines>
                <line number="212" hits="0"/>
                <line number="215" hits="0"/>
                <line number="218" hits="0"/>
                <line number="219" hits="0"/>
                <line number="220" hits="0"/>
                <line number="222" hits="0"/>
                <line number="223" hits="0"/>
                <line number="224" hits="0"/>
                <line number="227" hits="0"/>
                <line number="229" hits="0"/>
                <line number="233" hits="0"/>
                <line number="235" hits="0"/>
                <line number="240" hits="0"/>
              </lines>
            </method>
            <method name="setProviderIo" signature="object $provider, SymfonyStyle $io" line-rate="0" branch-rate="0" complexity="2">
              <lines>
                <line number="250" hits="0"/>
                <line number="251" hits="0"/>
              </lines>
            </method>
            <method name="shouldMinify" signature="InputInterface $input" line-rate="0" branch-rate="0" complexity="5">
              <lines>
                <line number="284" hits="0"/>
                <line number="285" hits="0"/>
                <line number="290" hits="0"/>
                <line number="291" hits="0"/>
                <line number="296" hits="0"/>
              </lines>
            </method>
            <method name="shouldShowRealTimeOutput" signature="InputInterface $input" line-rate="0" branch-rate="0" complexity="1">
              <lines>
                <line number="302" hits="0"/>
              </lines>
            </method>
          </methods>
          <lines>
            <line number="79" hits="43"/>
            <line number="119" hits="1"/>
            <line number="122" hits="1"/>
            <line number="124" hits="1"/>
            <line number="129" hits="0"/>
            <line number="132" hits="0"/>
            <line number="133" hits="0"/>
            <line number="138" hits="0"/>
            <line number="139" hits="0"/>
            <line number="141" hits="0"/>
            <line number="147" hits="0"/>
            <line number="153" hits="1"/>
            <line number="162" hits="0"/>
            <line number="163" hits="0"/>
            <line number="165" hits="0"/>
            <line number="166" hits="0"/>
            <line number="169" hits="0"/>
            <line number="172" hits="0"/>
            <line number="173" hits="0"/>
            <line number="174" hits="0"/>
            <line number="175" hits="0"/>
            <line number="179" hits="0"/>
            <line number="180" hits="0"/>
            <line number="181" hits="0"/>
            <line number="182" hits="0"/>
            <line number="185" hits="0"/>
            <line number="197" hits="0"/>
            <line number="198" hits="0"/>
            <line number="200" hits="0"/>
            <line number="201" hits="0"/>
            <line number="212" hits="0"/>
            <line number="215" hits="0"/>
            <line number="218" hits="0"/>
            <line number="219" hits="0"/>
            <line number="220" hits="0"/>
            <line number="222" hits="0"/>
            <line number="223" hits="0"/>
            <line number="224" hits="0"/>
            <line number="227" hits="0"/>
            <line number="229" hits="0"/>
            <line number="233" hits="0"/>
            <line number="235" hits="0"/>
            <line number="240" hits="0"/>
            <line number="250" hits="0"/>
            <line number="251" hits="0"/>
            <line number="284" hits="0"/>
            <line number="285" hits="0"/>
            <line number="290" hits="0"/>
            <line number="291" hits="0"/>
            <line number="296" hits="0"/>
            <line number="302" hits="0"/>
          </lines>
        </class>
      </classes>
    </package>
    <package name="Command/BinaryEnsureCommand.php" line-rate="0.38461538461538" branch-rate="0" complexity="5">
      <classes>
        <class name="ValksorDev\Build\Command\BinaryEnsureCommand" filename="Command/BinaryEnsureCommand.php" line-rate="0.38461538461538" branch-rate="0" complexity="5">
          <methods>
            <method name="__construct" signature="BinaryRegistry $binaryRegistry, ParameterBagInterface $bag, ProviderRegistry $providerRegistry" line-rate="1" branch-rate="0" complexity="1">
              <lines>
                <line number="37" hits="6"/>
              </lines>
            </method>
            <method name="__invoke" signature="string $tool, InputInterface $input, OutputInterface $output" line-rate="0.4" branch-rate="0" complexity="3">
              <lines>
                <line number="53" hits="2"/>
                <line number="56" hits="2"/>
                <line number="57" hits="2"/>
                <line number="59" hits="2"/>
                <line number="62" hits="0"/>
                <line number="63" hits="0"/>
                <line number="66" hits="0"/>
                <line number="68" hits="0"/>
                <line number="69" hits="0"/>
                <line number="70" hits="0"/>
              </lines>
            </method>
            <method name="createManagerForTool" signature="string $projectRoot, string $tool" line-rate="0" branch-rate="0" complexity="1">
              <lines>
                <line number="78" hits="0"/>
                <line number="80" hits="0"/>
              </lines>
            </method>
          </methods>
          <lines>
            <line number="37" hits="6"/>
            <line number="53" hits="2"/>
            <line number="56" hits="2"/>
            <line number="57" hits="2"/>
            <line number="59" hits="2"/>
            <line number="62" hits="0"/>
            <line number="63" hits="0"/>
            <line number="66" hits="0"/>
            <line number="68" hits="0"/>
            <line number="69" hits="0"/>
            <line number="70" hits="0"/>
            <line number="78" hits="0"/>
            <line number="80" hits="0"/>
          </lines>
        </class>
      </classes>
    </package>
    <package name="Command/BinaryInstallCommand.php" line-rate="0" branch-rate="0" complexity="7">
      <classes>
        <class name="ValksorDev\Build\Command\BinaryInstallCommand" filename="Command/BinaryInstallCommand.php" line-rate="0" branch-rate="0" complexity="7">
          <methods>
            <method name="__construct" signature="ParameterBagInterface $parameterParameterBag, BinaryRegistry $binaryRegistry, array $servicesConfig, ProviderRegistry $providerRegistry" line-rate="0" branch-rate="0" complexity="1">
              <lines>
                <line number="41" hits="0"/>
              </lines>
            </method>
            <method name="__invoke" signature="InputInterface $input, OutputInterface $output" line-rate="0" branch-rate="0" complexity="6">
              <lines>
                <line number="48" hits="0"/>
                <line number="50" hits="0"/>
                <line number="53" hits="0"/>
                <line number="54" hits="0"/>
                <line number="56" hits="0"/>
                <line number="57" hits="0"/>
                <line number="59" hits="0"/>
                <line number="62" hits="0"/>
                <line number="63" hits="0"/>
                <line number="65" hits="0"/>
                <line number="66" hits="0"/>
                <line number="68" hits="0"/>
                <line number="69" hits="0"/>
                <line number="71" hits="0"/>
                <line number="72" hits="0"/>
                <line number="74" hits="0"/>
                <line number="78" hits="0"/>
                <line number="79" hits="0"/>
                <line number="80" hits="0"/>
                <line number="81" hits="0"/>
                <line number="82" hits="0"/>
                <line number="86" hits="0"/>
                <line number="88" hits="0"/>
                <line number="89" hits="0"/>
                <line number="91" hits="0"/>
                <line number="93" hits="0"/>
                <line number="95" hits="0"/>
              </lines>
            </method>
          </methods>
          <lines>
            <line number="41" hits="0"/>
            <line number="48" hits="0"/>
            <line number="50" hits="0"/>
            <line number="53" hits="0"/>
            <line number="54" hits="0"/>
            <line number="56" hits="0"/>
            <line number="57" hits="0"/>
            <line number="59" hits="0"/>
            <line number="62" hits="0"/>
            <line number="63" hits="0"/>
            <line number="65" hits="0"/>
            <line number="66" hits="0"/>
            <line number="68" hits="0"/>
            <line number="69" hits="0"/>
            <line number="71" hits="0"/>
            <line number="72" hits="0"/>
            <line number="74" hits="0"/>
            <line number="78" hits="0"/>
            <line number="79" hits="0"/>
            <line number="80" hits="0"/>
            <line number="81" hits="0"/>
            <line number="82" hits="0"/>
            <line number="86" hits="0"/>
            <line number="88" hits="0"/>
            <line number="89" hits="0"/>
            <line number="91" hits="0"/>
            <line number="93" hits="0"/>
            <line number="95" hits="0"/>
          </lines>
        </class>
      </classes>
    </package>
    <package name="Command/DevCommand.php" line-rate="1" branch-rate="0" complexity="2">
      <classes>
        <class name="ValksorDev\Build\Command\DevCommand" filename="Command/DevCommand.php" line-rate="1" branch-rate="0" complexity="2">
          <methods>
            <method name="__construct" signature="DevService $devService" line-rate="1" branch-rate="0" complexity="1">
              <lines>
                <line number="27" hits="8"/>
                <line number="28" hits="8"/>
                <line number="29" hits="8"/>
                <line number="30" hits="8"/>
              </lines>
            </method>
            <method name="__invoke" signature="InputInterface $input, OutputInterface $output, bool $nonInteractive" line-rate="1" branch-rate="0" complexity="1">
              <lines>
                <line number="42" hits="1"/>
                <line number="43" hits="1"/>
                <line number="46" hits="1"/>
                <line number="47" hits="1"/>
                <line number="50" hits="1"/>
              </lines>
            </method>
          </methods>
          <lines>
            <line number="27" hits="8"/>
            <line number="28" hits="8"/>
            <line number="29" hits="8"/>
            <line number="30" hits="8"/>
            <line number="42" hits="1"/>
            <line number="43" hits="1"/>
            <line number="46" hits="1"/>
            <line number="47" hits="1"/>
            <line number="50" hits="1"/>
          </lines>
        </class>
      </classes>
    </package>
    <package name="Command/DevWatchCommand.php" line-rate="1" branch-rate="0" complexity="2">
      <classes>
        <class name="ValksorDev\Build\Command\DevWatchCommand" filename="Command/DevWatchCommand.php" line-rate="1" branch-rate="0" complexity="2">
          <methods>
            <method name="__construct" signature="DevWatchService $devWatchService" line-rate="1" branch-rate="0" complexity="1">
              <lines>
                <line number="27" hits="9"/>
                <line number="28" hits="9"/>
                <line number="29" hits="9"/>
                <line number="30" hits="9"/>
              </lines>
            </method>
            <method name="__invoke" signature="InputInterface $input, OutputInterface $output, bool $nonInteractive" line-rate="1" branch-rate="0" complexity="1">
              <lines>
                <line number="42" hits="1"/>
                <line number="43" hits="1"/>
                <line number="46" hits="1"/>
                <line number="47" hits="1"/>
                <line number="50" hits="1"/>
              </lines>
            </method>
          </methods>
          <lines>
            <line number="27" hits="9"/>
            <line number="28" hits="9"/>
            <line number="29" hits="9"/>
            <line number="30" hits="9"/>
            <line number="42" hits="1"/>
            <line number="43" hits="1"/>
            <line number="46" hits="1"/>
            <line number="47" hits="1"/>
            <line number="50" hits="1"/>
          </lines>
        </class>
      </classes>
    </package>
    <package name="Command/HotReloadCommand.php" line-rate="1" branch-rate="0" complexity="2">
      <classes>
        <class name="ValksorDev\Build\Command\HotReloadCommand" filename="Command/HotReloadCommand.php" line-rate="1" branch-rate="0" complexity="2">
          <methods>
            <method name="__construct" signature="ParameterBagInterface $parameterBag, ProviderRegistry $providerRegistry, HotReloadService $hotReloadService" line-rate="1" branch-rate="0" complexity="1">
              <lines>
                <line number="30" hits="5"/>
              </lines>
            </method>
            <method name="__invoke" signature="InputInterface $input, OutputInterface $output" line-rate="1" branch-rate="0" complexity="1">
              <lines>
                <line number="37" hits="1"/>
                <line number="39" hits="1"/>
              </lines>
            </method>
          </methods>
          <lines>
            <line number="30" hits="5"/>
            <line number="37" hits="1"/>
            <line number="39" hits="1"/>
          </lines>
        </class>
      </classes>
    </package>
    <package name="Command/IconsGenerateCommand.php" line-rate="0" branch-rate="0" complexity="79">
      <classes>
        <class name="ValksorDev\Build\Command\IconsGenerateCommand" filename="Command/IconsGenerateCommand.php" line-rate="0" branch-rate="0" complexity="79">
          <methods>
            <method name="__construct" signature="ParameterBagInterface $parameterBag, ProviderRegistry $providerRegistry" line-rate="0" branch-rate="0" complexity="1">
              <lines>
                <line number="64" hits="0"/>
                <line number="65" hits="0"/>
              </lines>
            </method>
            <method name="__invoke" signature="?string $target, InputInterface $input, OutputInterface $output" line-rate="0" branch-rate="0" complexity="6">
              <lines>
                <line number="79" hits="0"/>
                <line number="80" hits="0"/>
                <line number="81" hits="0"/>
                <line number="82" hits="0"/>
                <line number="84" hits="0"/>
                <line number="86" hits="0"/>
                <line number="87" hits="0"/>
                <line number="90" hits="0"/>
                <line number="91" hits="0"/>
                <line number="93" hits="0"/>
                <line number="95" hits="0"/>
                <line number="96" hits="0"/>
                <line number="97" hits="0"/>
                <line number="99" hits="0"/>
                <line number="102" hits="0"/>
                <line number="103" hits="0"/>
                <line number="105" hits="0"/>
                <line number="107" hits="0"/>
                <line number="108" hits="0"/>
                <line number="109" hits="0"/>
                <line number="110" hits="0"/>
                <line number="111" hits="0"/>
                <line number="112" hits="0"/>
                <line number="113" hits="0"/>
                <line number="114" hits="0"/>
                <line number="115" hits="0"/>
                <line number="118" hits="0"/>
                <line number="119" hits="0"/>
                <line number="121" hits="0"/>
                <line number="124" hits="0"/>
              </lines>
            </method>
            <method name="cleanAllIconDirectories" signature="" line-rate="0" branch-rate="0" complexity="8">
              <lines>
                <line number="132" hits="0"/>
                <line number="135" hits="0"/>
                <line number="137" hits="0"/>
                <line number="138" hits="0"/>
                <line number="139" hits="0"/>
                <line number="143" hits="0"/>
                <line number="145" hits="0"/>
                <line number="146" hits="0"/>
                <line number="148" hits="0"/>
                <line number="150" hits="0"/>
                <line number="151" hits="0"/>
                <line number="152" hits="0"/>
                <line number="155" hits="0"/>
                <line number="157" hits="0"/>
                <line number="158" hits="0"/>
                <line number="159" hits="0"/>
                <line number="163" hits="0"/>
              </lines>
            </method>
            <method name="cleanExistingTwigIcons" signature="string $directory" line-rate="0" branch-rate="0" complexity="6">
              <lines>
                <line number="172" hits="0"/>
                <line number="174" hits="0"/>
                <line number="175" hits="0"/>
                <line number="179" hits="0"/>
                <line number="180" hits="0"/>
                <line number="181" hits="0"/>
                <line number="184" hits="0"/>
                <line number="185" hits="0"/>
                <line number="188" hits="0"/>
                <line number="191" hits="0"/>
              </lines>
            </method>
            <method name="cleanOrphanedIcons" signature="string $directory, array $currentIcons" line-rate="0" branch-rate="0" complexity="9">
              <lines>
                <line number="204" hits="0"/>
                <line number="205" hits="0"/>
                <line number="208" hits="0"/>
                <line number="210" hits="0"/>
                <line number="211" hits="0"/>
                <line number="215" hits="0"/>
                <line number="216" hits="0"/>
                <line number="217" hits="0"/>
                <line number="220" hits="0"/>
                <line number="221" hits="0"/>
                <line number="225" hits="0"/>
                <line number="228" hits="0"/>
                <line number="229" hits="0"/>
                <line number="231" hits="0"/>
                <line number="232" hits="0"/>
                <line number="234" hits="0"/>
                <line number="239" hits="0"/>
              </lines>
            </method>
            <method name="collectAppIcons" signature="array $sharedIcons" line-rate="0" branch-rate="0" complexity="8">
              <lines>
                <line number="249" hits="0"/>
                <line number="250" hits="0"/>
                <line number="252" hits="0"/>
                <line number="253" hits="0"/>
                <line number="256" hits="0"/>
                <line number="258" hits="0"/>
                <line number="259" hits="0"/>
                <line number="263" hits="0"/>
                <line number="264" hits="0"/>
                <line number="265" hits="0"/>
                <line number="268" hits="0"/>
                <line number="270" hits="0"/>
                <line number="271" hits="0"/>
                <line number="274" hits="0"/>
                <line number="278" hits="0"/>
                <line number="280" hits="0"/>
                <line number="281" hits="0"/>
                <line number="282" hits="0"/>
                <line number="283" hits="0"/>
                <line number="284" hits="0"/>
                <line number="285" hits="0"/>
                <line number="288" hits="0"/>
                <line number="291" hits="0"/>
                <line number="294" hits="0"/>
              </lines>
            </method>
            <method name="determineTargets" signature="$targetArgument, array $sharedIcons, array $appIcons" line-rate="0" branch-rate="0" complexity="6">
              <lines>
                <line number="307" hits="0"/>
                <line number="309" hits="0"/>
                <line number="310" hits="0"/>
                <line number="312" hits="0"/>
                <line number="313" hits="0"/>
                <line number="316" hits="0"/>
                <line number="319" hits="0"/>
                <line number="321" hits="0"/>
                <line number="323" hits="0"/>
                <line number="324" hits="0"/>
                <line number="326" hits="0"/>
                <line number="329" hits="0"/>
                <line number="330" hits="0"/>
                <line number="332" hits="0"/>
                <line number="335" hits="0"/>
                <line number="336" hits="0"/>
                <line number="338" hits="0"/>
              </lines>
            </method>
            <method name="ensureLucideIcons" signature="" line-rate="0" branch-rate="0" complexity="4">
              <lines>
                <line number="347" hits="0"/>
                <line number="349" hits="0"/>
                <line number="350" hits="0"/>
                <line number="352" hits="0"/>
                <line number="357" hits="0"/>
                <line number="360" hits="0"/>
                <line number="362" hits="0"/>
                <line number="363" hits="0"/>
                <line number="366" hits="0"/>
                <line number="367" hits="0"/>
                <line number="368" hits="0"/>
                <line number="370" hits="0"/>
              </lines>
            </method>
            <method name="findExistingLucideIcons" signature="" line-rate="0" branch-rate="0" complexity="3">
              <lines>
                <line number="377" hits="0"/>
                <line number="378" hits="0"/>
                <line number="382" hits="0"/>
                <line number="384" hits="0"/>
                <line number="385" hits="0"/>
                <line number="388" hits="0"/>
              </lines>
            </method>
            <method name="generateForTarget" signature="string $target, array $icons, array $sharedIcons, string $localIconsDir, string $sharedIconsDir, ?string $lucideIconDir" line-rate="0" branch-rate="0" complexity="8">
              <lines>
                <line number="402" hits="0"/>
                <line number="404" hits="0"/>
                <line number="406" hits="0"/>
                <line number="407" hits="0"/>
                <line number="410" hits="0"/>
                <line number="411" hits="0"/>
                <line number="413" hits="0"/>
                <line number="414" hits="0"/>
                <line number="415" hits="0"/>
                <line number="417" hits="0"/>
                <line number="419" hits="0"/>
                <line number="420" hits="0"/>
                <line number="422" hits="0"/>
                <line number="424" hits="0"/>
                <line number="427" hits="0"/>
                <line number="429" hits="0"/>
                <line number="431" hits="0"/>
                <line number="432" hits="0"/>
                <line number="434" hits="0"/>
                <line number="435" hits="0"/>
                <line number="437" hits="0"/>
                <line number="440" hits="0"/>
                <line number="441" hits="0"/>
                <line number="446" hits="0"/>
                <line number="448" hits="0"/>
                <line number="450" hits="0"/>
              </lines>
            </method>
            <method name="iconDirectoryLooksValid" signature="string $path" line-rate="0" branch-rate="0" complexity="3">
              <lines>
                <line number="456" hits="0"/>
                <line number="457" hits="0"/>
                <line number="460" hits="0"/>
                <line number="462" hits="0"/>
              </lines>
            </method>
            <method name="locateIconSource" signature="string $icon, string $localDir, string $sharedDir, ?string $lucideDir" line-rate="0" branch-rate="0" complexity="3">
              <lines>
                <line number="471" hits="0"/>
                <line number="472" hits="0"/>
                <line number="473" hits="0"/>
                <line number="474" hits="0"/>
                <line number="476" hits="0"/>
                <line number="477" hits="0"/>
                <line number="480" hits="0"/>
              </lines>
            </method>
            <method name="locateIconsDirectory" signature="string $baseDir" line-rate="0" branch-rate="0" complexity="2">
              <lines>
                <line number="487" hits="0"/>
                <line number="489" hits="0"/>
                <line number="490" hits="0"/>
                <line number="493" hits="0"/>
              </lines>
            </method>
            <method name="readJsonList" signature="string $path" line-rate="0" branch-rate="0" complexity="5">
              <lines>
                <line number="499" hits="0"/>
                <line number="500" hits="0"/>
                <line number="502" hits="0"/>
                <line number="505" hits="0"/>
                <line number="507" hits="0"/>
                <line number="508" hits="0"/>
                <line number="512" hits="0"/>
                <line number="513" hits="0"/>
                <line number="514" hits="0"/>
                <line number="516" hits="0"/>
                <line number="519" hits="0"/>
              </lines>
            </method>
            <method name="writeTwigIcon" signature="string $icon, string $sourcePath, string $destinationDir" line-rate="0" branch-rate="0" complexity="7">
              <lines>
                <line number="527" hits="0"/>
                <line number="529" hits="0"/>
                <line number="530" hits="0"/>
                <line number="532" hits="0"/>
                <line number="535" hits="0"/>
                <line number="536" hits="0"/>
                <line number="537" hits="0"/>
                <line number="539" hits="0"/>
                <line number="540" hits="0"/>
                <line number="542" hits="0"/>
                <line number="545" hits="0"/>
                <line number="547" hits="0"/>
                <line number="548" hits="0"/>
                <line number="550" hits="0"/>
                <line number="553" hits="0"/>
                <line number="555" hits="0"/>
                <line number="557" hits="0"/>
                <line number="558" hits="0"/>
                <line number="561" hits="0"/>
                <line number="562" hits="0"/>
                <line number="563" hits="0"/>
                <line number="564" hits="0"/>
                <line number="565" hits="0"/>
                <line number="566" hits="0"/>
                <line number="568" hits="0"/>
                <line number="569" hits="0"/>
                <line number="570" hits="0"/>
                <line number="571" hits="0"/>
                <line number="572" hits="0"/>
                <line number="575" hits="0"/>
                <line number="576" hits="0"/>
                <line number="578" hits="0"/>
              </lines>
            </method>
          </methods>
          <lines>
            <line number="64" hits="0"/>
            <line number="65" hits="0"/>
            <line number="79" hits="0"/>
            <line number="80" hits="0"/>
            <line number="81" hits="0"/>
            <line number="82" hits="0"/>
            <line number="84" hits="0"/>
            <line number="86" hits="0"/>
            <line number="87" hits="0"/>
            <line number="90" hits="0"/>
            <line number="91" hits="0"/>
            <line number="93" hits="0"/>
            <line number="95" hits="0"/>
            <line number="96" hits="0"/>
            <line number="97" hits="0"/>
            <line number="99" hits="0"/>
            <line number="102" hits="0"/>
            <line number="103" hits="0"/>
            <line number="105" hits="0"/>
            <line number="107" hits="0"/>
            <line number="108" hits="0"/>
            <line number="109" hits="0"/>
            <line number="110" hits="0"/>
            <line number="111" hits="0"/>
            <line number="112" hits="0"/>
            <line number="113" hits="0"/>
            <line number="114" hits="0"/>
            <line number="115" hits="0"/>
            <line number="118" hits="0"/>
            <line number="119" hits="0"/>
            <line number="121" hits="0"/>
            <line number="124" hits="0"/>
            <line number="132" hits="0"/>
            <line number="135" hits="0"/>
            <line number="137" hits="0"/>
            <line number="138" hits="0"/>
            <line number="139" hits="0"/>
            <line number="143" hits="0"/>
            <line number="145" hits="0"/>
            <line number="146" hits="0"/>
            <line number="148" hits="0"/>
            <line number="150" hits="0"/>
            <line number="151" hits="0"/>
            <line number="152" hits="0"/>
            <line number="155" hits="0"/>
            <line number="157" hits="0"/>
            <line number="158" hits="0"/>
            <line number="159" hits="0"/>
            <line number="163" hits="0"/>
            <line number="172" hits="0"/>
            <line number="174" hits="0"/>
            <line number="175" hits="0"/>
            <line number="179" hits="0"/>
            <line number="180" hits="0"/>
            <line number="181" hits="0"/>
            <line number="184" hits="0"/>
            <line number="185" hits="0"/>
            <line number="188" hits="0"/>
            <line number="191" hits="0"/>
            <line number="204" hits="0"/>
            <line number="205" hits="0"/>
            <line number="208" hits="0"/>
            <line number="210" hits="0"/>
            <line number="211" hits="0"/>
            <line number="215" hits="0"/>
            <line number="216" hits="0"/>
            <line number="217" hits="0"/>
            <line number="220" hits="0"/>
            <line number="221" hits="0"/>
            <line number="225" hits="0"/>
            <line number="228" hits="0"/>
            <line number="229" hits="0"/>
            <line number="231" hits="0"/>
            <line number="232" hits="0"/>
            <line number="234" hits="0"/>
            <line number="239" hits="0"/>
            <line number="249" hits="0"/>
            <line number="250" hits="0"/>
            <line number="252" hits="0"/>
            <line number="253" hits="0"/>
            <line number="256" hits="0"/>
            <line number="258" hits="0"/>
            <line number="259" hits="0"/>
            <line number="263" hits="0"/>
            <line number="264" hits="0"/>
            <line number="265" hits="0"/>
            <line number="268" hits="0"/>
            <line number="270" hits="0"/>
            <line number="271" hits="0"/>
            <line number="274" hits="0"/>
            <line number="278" hits="0"/>
            <line number="280" hits="0"/>
            <line number="281" hits="0"/>
            <line number="282" hits="0"/>
            <line number="283" hits="0"/>
            <line number="284" hits="0"/>
            <line number="285" hits="0"/>
            <line number="288" hits="0"/>
            <line number="291" hits="0"/>
            <line number="294" hits="0"/>
            <line number="307" hits="0"/>
            <line number="309" hits="0"/>
            <line number="310" hits="0"/>
            <line number="312" hits="0"/>
            <line number="313" hits="0"/>
            <line number="316" hits="0"/>
            <line number="319" hits="0"/>
            <line number="321" hits="0"/>
            <line number="323" hits="0"/>
            <line number="324" hits="0"/>
            <line number="326" hits="0"/>
            <line number="329" hits="0"/>
            <line number="330" hits="0"/>
            <line number="332" hits="0"/>
            <line number="335" hits="0"/>
            <line number="336" hits="0"/>
            <line number="338" hits="0"/>
            <line number="347" hits="0"/>
            <line number="349" hits="0"/>
            <line number="350" hits="0"/>
            <line number="352" hits="0"/>
            <line number="357" hits="0"/>
            <line number="360" hits="0"/>
            <line number="362" hits="0"/>
            <line number="363" hits="0"/>
            <line number="366" hits="0"/>
            <line number="367" hits="0"/>
            <line number="368" hits="0"/>
            <line number="370" hits="0"/>
            <line number="377" hits="0"/>
            <line number="378" hits="0"/>
            <line number="382" hits="0"/>
            <line number="384" hits="0"/>
            <line number="385" hits="0"/>
            <line number="388" hits="0"/>
            <line number="402" hits="0"/>
            <line number="404" hits="0"/>
            <line number="406" hits="0"/>
            <line number="407" hits="0"/>
            <line number="410" hits="0"/>
            <line number="411" hits="0"/>
            <line number="413" hits="0"/>
            <line number="414" hits="0"/>
            <line number="415" hits="0"/>
            <line number="417" hits="0"/>
            <line number="419" hits="0"/>
            <line number="420" hits="0"/>
            <line number="422" hits="0"/>
            <line number="424" hits="0"/>
            <line number="427" hits="0"/>
            <line number="429" hits="0"/>
            <line number="431" hits="0"/>
            <line number="432" hits="0"/>
            <line number="434" hits="0"/>
            <line number="435" hits="0"/>
            <line number="437" hits="0"/>
            <line number="440" hits="0"/>
            <line number="441" hits="0"/>
            <line number="446" hits="0"/>
            <line number="448" hits="0"/>
            <line number="450" hits="0"/>
            <line number="456" hits="0"/>
            <line number="457" hits="0"/>
            <line number="460" hits="0"/>
            <line number="462" hits="0"/>
            <line number="471" hits="0"/>
            <line number="472" hits="0"/>
            <line number="473" hits="0"/>
            <line number="474" hits="0"/>
            <line number="476" hits="0"/>
            <line number="477" hits="0"/>
            <line number="480" hits="0"/>
            <line number="487" hits="0"/>
            <line number="489" hits="0"/>
            <line number="490" hits="0"/>
            <line number="493" hits="0"/>
            <line number="499" hits="0"/>
            <line number="500" hits="0"/>
            <line number="502" hits="0"/>
            <line number="505" hits="0"/>
            <line number="507" hits="0"/>
            <line number="508" hits="0"/>
            <line number="512" hits="0"/>
            <line number="513" hits="0"/>
            <line number="514" hits="0"/>
            <line number="516" hits="0"/>
            <line number="519" hits="0"/>
            <line number="527" hits="0"/>
            <line number="529" hits="0"/>
            <line number="530" hits="0"/>
            <line number="532" hits="0"/>
            <line number="535" hits="0"/>
            <line number="536" hits="0"/>
            <line number="537" hits="0"/>
            <line number="539" hits="0"/>
            <line number="540" hits="0"/>
            <line number="542" hits="0"/>
            <line number="545" hits="0"/>
            <line number="547" hits="0"/>
            <line number="548" hits="0"/>
            <line number="550" hits="0"/>
            <line number="553" hits="0"/>
            <line number="555" hits="0"/>
            <line number="557" hits="0"/>
            <line number="558" hits="0"/>
            <line number="561" hits="0"/>
            <line number="562" hits="0"/>
            <line number="563" hits="0"/>
            <line number="564" hits="0"/>
            <line number="565" hits="0"/>
            <line number="566" hits="0"/>
            <line number="568" hits="0"/>
            <line number="569" hits="0"/>
            <line number="570" hits="0"/>
            <line number="571" hits="0"/>
            <line number="572" hits="0"/>
            <line number="575" hits="0"/>
            <line number="576" hits="0"/>
            <line number="578" hits="0"/>
          </lines>
        </class>
      </classes>
    </package>
    <package name="Command/ImportmapSyncCommand.php" line-rate="0" branch-rate="0" complexity="2">
      <classes>
        <class name="ValksorDev\Build\Command\ImportmapSyncCommand" filename="Command/ImportmapSyncCommand.php" line-rate="0" branch-rate="0" complexity="2">
          <methods>
            <method name="__construct" signature="ParameterBagInterface $parameterBag, ProviderRegistry $providerRegistry, ImportmapService $importmapService" line-rate="0" branch-rate="0" complexity="1">
              <lines>
                <line number="31" hits="0"/>
              </lines>
            </method>
            <method name="__invoke" signature="InputInterface $input, OutputInterface $output, bool $watch, bool $minify" line-rate="0" branch-rate="0" complexity="1">
              <lines>
                <line number="46" hits="0"/>
                <line number="48" hits="0"/>
                <line number="50" hits="0"/>
                <line number="52" hits="0"/>
                <line number="53" hits="0"/>
                <line number="54" hits="0"/>
                <line number="55" hits="0"/>
                <line number="57" hits="0"/>
                <line number="59" hits="0"/>
              </lines>
            </method>
          </methods>
          <lines>
            <line number="31" hits="0"/>
            <line number="46" hits="0"/>
            <line number="48" hits="0"/>
            <line number="50" hits="0"/>
            <line number="52" hits="0"/>
            <line number="53" hits="0"/>
            <line number="54" hits="0"/>
            <line number="55" hits="0"/>
            <line number="57" hits="0"/>
            <line number="59" hits="0"/>
          </lines>
        </class>
      </classes>
    </package>
    <package name="Command/ProdBuildCommand.php" line-rate="0" branch-rate="0" complexity="8">
      <classes>
        <class name="ValksorDev\Build\Command\ProdBuildCommand" filename="Command/ProdBuildCommand.php" line-rate="0" branch-rate="0" complexity="8">
          <methods>
            <method name="__invoke" signature="InputInterface $input, OutputInterface $output" line-rate="0" branch-rate="0" complexity="6">
              <lines>
                <line number="35" hits="0"/>
                <line number="37" hits="0"/>
                <line number="40" hits="0"/>
                <line number="43" hits="0"/>
                <line number="46" hits="0"/>
                <line number="48" hits="0"/>
                <line number="49" hits="0"/>
                <line number="51" hits="0"/>
                <line number="55" hits="0"/>
                <line number="57" hits="0"/>
                <line number="58" hits="0"/>
                <line number="60" hits="0"/>
                <line number="63" hits="0"/>
                <line number="64" hits="0"/>
                <line number="66" hits="0"/>
                <line number="67" hits="0"/>
                <line number="69" hits="0"/>
                <line number="70" hits="0"/>
                <line number="72" hits="0"/>
                <line number="73" hits="0"/>
                <line number="76" hits="0"/>
                <line number="79" hits="0"/>
                <line number="81" hits="0"/>
                <line number="82" hits="0"/>
                <line number="84" hits="0"/>
                <line number="87" hits="0"/>
                <line number="88" hits="0"/>
                <line number="89" hits="0"/>
                <line number="91" hits="0"/>
                <line number="94" hits="0"/>
                <line number="97" hits="0"/>
                <line number="99" hits="0"/>
              </lines>
            </method>
            <method name="runProvider" signature="string $name, $provider, array $options" line-rate="0" branch-rate="0" complexity="2">
              <lines>
                <line number="111" hits="0"/>
                <line number="112" hits="0"/>
                <line number="114" hits="0"/>
              </lines>
            </method>
          </methods>
          <lines>
            <line number="35" hits="0"/>
            <line number="37" hits="0"/>
            <line number="40" hits="0"/>
            <line number="43" hits="0"/>
            <line number="46" hits="0"/>
            <line number="48" hits="0"/>
            <line number="49" hits="0"/>
            <line number="51" hits="0"/>
            <line number="55" hits="0"/>
            <line number="57" hits="0"/>
            <line number="58" hits="0"/>
            <line number="60" hits="0"/>
            <line number="63" hits="0"/>
            <line number="64" hits="0"/>
            <line number="66" hits="0"/>
            <line number="67" hits="0"/>
            <line number="69" hits="0"/>
            <line number="70" hits="0"/>
            <line number="72" hits="0"/>
            <line number="73" hits="0"/>
            <line number="76" hits="0"/>
            <line number="79" hits="0"/>
            <line number="81" hits="0"/>
            <line number="82" hits="0"/>
            <line number="84" hits="0"/>
            <line number="87" hits="0"/>
            <line number="88" hits="0"/>
            <line number="89" hits="0"/>
            <line number="91" hits="0"/>
            <line number="94" hits="0"/>
            <line number="97" hits="0"/>
            <line number="99" hits="0"/>
            <line number="111" hits="0"/>
            <line number="112" hits="0"/>
            <line number="114" hits="0"/>
          </lines>
        </class>
      </classes>
    </package>
    <package name="Command/TailwindBuildCommand.php" line-rate="0.76923076923077" branch-rate="0" complexity="3">
      <classes>
        <class name="ValksorDev\Build\Command\TailwindBuildCommand" filename="Command/TailwindBuildCommand.php" line-rate="0.76923076923077" branch-rate="0" complexity="3">
          <methods>
            <method name="__construct" signature="ParameterBagInterface $parameterBag, ProviderRegistry $providerRegistry, TailwindService $tailwindService" line-rate="1" branch-rate="0" complexity="1">
              <lines>
                <line number="31" hits="10"/>
              </lines>
            </method>
            <method name="__invoke" signature="InputInterface $input, OutputInterface $output, bool $watch, bool $minify" line-rate="0.75" branch-rate="0" complexity="2">
              <lines>
                <line number="46" hits="1"/>
                <line number="48" hits="1"/>
                <line number="50" hits="1"/>
                <line number="52" hits="1"/>
                <line number="53" hits="0"/>
                <line number="56" hits="1"/>
                <line number="58" hits="1"/>
                <line number="59" hits="1"/>
                <line number="60" hits="1"/>
                <line number="61" hits="1"/>
                <line number="63" hits="0"/>
                <line number="65" hits="0"/>
              </lines>
            </method>
          </methods>
          <lines>
            <line number="31" hits="10"/>
            <line number="46" hits="1"/>
            <line number="48" hits="1"/>
            <line number="50" hits="1"/>
            <line number="52" hits="1"/>
            <line number="53" hits="0"/>
            <line number="56" hits="1"/>
            <line number="58" hits="1"/>
            <line number="59" hits="1"/>
            <line number="60" hits="1"/>
            <line number="61" hits="1"/>
            <line number="63" hits="0"/>
            <line number="65" hits="0"/>
          </lines>
        </class>
      </classes>
    </package>
    <package name="DependencyInjection/BuildConfiguration.php" line-rate="0" branch-rate="0" complexity="1">
      <classes>
[...]
            <line number="374" hits="9"/>
          </lines>
        </class>
      </classes>
    </package>
    <package name="Service/TailwindService.php" line-rate="0.05699481865285" branch-rate="0" complexity="64">
      <classes>
        <class name="ValksorDev\Build\Service\TailwindService" filename="Service/TailwindService.php" line-rate="0.05699481865285" branch-rate="0" complexity="64">
          <methods>
            <method name="__construct" signature="ParameterBagInterface $bag" line-rate="1" branch-rate="0" complexity="1">
              <lines>
                <line number="96" hits="18"/>
                <line number="97" hits="18"/>
              </lines>
            </method>
            <method name="setActiveAppId" signature="?string $appId" line-rate="1" branch-rate="0" complexity="1">
              <lines>
                <line number="112" hits="5"/>
              </lines>
            </method>
            <method name="start" signature="array $config" line-rate="0.125" branch-rate="0" complexity="6">
              <lines>
                <line number="121" hits="5"/>
                <line number="122" hits="5"/>
                <line number="125" hits="5"/>
                <line number="126" hits="0"/>
                <line number="127" hits="0"/>
                <line number="130" hits="0"/>
                <line number="133" hits="0"/>
                <line number="134" hits="0"/>
                <line number="136" hits="0"/>
                <line number="141" hits="0"/>
                <line number="142" hits="0"/>
                <line number="144" hits="0"/>
                <line number="145" hits="0"/>
                <line number="148" hits="0"/>
                <line number="149" hits="0"/>
                <line number="151" hits="0"/>
                <line number="153" hits="0"/>
                <line number="154" hits="0"/>
                <line number="157" hits="0"/>
                <line number="158" hits="0"/>
                <line number="161" hits="0"/>
                <line number="162" hits="0"/>
                <line number="164" hits="0"/>
                <line number="167" hits="0"/>
              </lines>
            </method>
            <method name="getServiceName" signature="" line-rate="1" branch-rate="0" complexity="1">
              <lines>
                <line number="177" hits="2"/>
              </lines>
            </method>
            <method name="buildSingleSource" signature="array $source, bool $minify" line-rate="0" branch-rate="0" complexity="5">
              <lines>
                <line number="187" hits="0"/>
                <line number="188" hits="0"/>
                <line number="189" hits="0"/>
                <line number="190" hits="0"/>
                <line number="192" hits="0"/>
                <line number="194" hits="0"/>
                <line number="196" hits="0"/>
                <line number="197" hits="0"/>
                <line number="203" hits="0"/>
                <line number="204" hits="0"/>
                <line number="205" hits="0"/>
                <line number="206" hits="0"/>
                <line number="207" hits="0"/>
                <line number="208" hits="0"/>
                <line number="209" hits="0"/>
                <line number="210" hits="0"/>
                <line number="212" hits="0"/>
                <line number="215" hits="0"/>
                <line number="216" hits="0"/>
                <line number="217" hits="0"/>
                <line number="218" hits="0"/>
                <line number="220" hits="0"/>
                <line number="221" hits="0"/>
                <line number="222" hits="0"/>
                <line number="224" hits="0"/>
                <line number="227" hits="0"/>
              </lines>
            </method>
            <method name="buildSources" signature="array $sources, bool $minify" line-rate="0" branch-rate="0" complexity="4">
              <lines>
                <line number="237" hits="0"/>
                <line number="239" hits="0"/>
                <line number="240" hits="0"/>
                <line number="242" hits="0"/>
                <line number="243" hits="0"/>
                <line number="247" hits="0"/>
                <line number="249" hits="0"/>
              </lines>
            </method>
            <method name="collectTailwindSources" signature="bool $includeAllApps" line-rate="0" branch-rate="0" complexity="11">
              <lines>
                <line number="258" hits="0"/>
                <line number="261" hits="0"/>
                <line number="263" hits="0"/>
                <line number="265" hits="0"/>
                <line number="266" hits="0"/>
                <line number="268" hits="0"/>
                <line number="270" hits="0"/>
                <line number="271" hits="0"/>
                <line number="272" hits="0"/>
                <line number="276" hits="0"/>
                <line number="277" hits="0"/>
                <line number="280" hits="0"/>
                <line number="282" hits="0"/>
                <line number="283" hits="0"/>
                <line number="287" hits="0"/>
                <line number="290" hits="0"/>
                <line number="294" hits="0"/>
                <line number="296" hits="0"/>
                <line number="298" hits="0"/>
                <line number="299" hits="0"/>
                <line number="303" hits="0"/>
              </lines>
            </method>
            <method name="createSourceDefinition" signature="string $inputPath" line-rate="0" branch-rate="0" complexity="4">
              <lines>
                <line number="313" hits="0"/>
                <line number="316" hits="0"/>
                <line number="317" hits="0"/>
                <line number="319" hits="0"/>
                <line number="320" hits="0"/>
                <line number="323" hits="0"/>
                <line number="325" hits="0"/>
                <line number="326" hits="0"/>
                <line number="327" hits="0"/>
                <line number="330" hits="0"/>
                <line number="331" hits="0"/>
                <line number="333" hits="0"/>
                <line number="335" hits="0"/>
                <line number="336" hits="0"/>
                <line number="339" hits="0"/>
                <line number="342" hits="0"/>
                <line number="343" hits="0"/>
                <line number="344" hits="0"/>
                <line number="345" hits="0"/>
                <line number="346" hits="0"/>
                <line number="347" hits="0"/>
                <line number="348" hits="0"/>
                <line number="349" hits="0"/>
              </lines>
            </method>
            <method name="discoverSources" signature="string $directory, array $sources" line-rate="0" branch-rate="0" complexity="9">
              <lines>
                <line number="359" hits="0"/>
                <line number="360" hits="0"/>
                <line number="363" hits="0"/>
                <line number="365" hits="0"/>
                <line number="366" hits="0"/>
                <line number="370" hits="0"/>
                <line number="371" hits="0"/>
                <line number="372" hits="0"/>
                <line number="375" hits="0"/>
                <line number="377" hits="0"/>
                <line number="378" hits="0"/>
                <line number="379" hits="0"/>
                <line number="382" hits="0"/>
                <line number="384" hits="0"/>
                <line number="387" hits="0"/>
                <line number="388" hits="0"/>
                <line number="391" hits="0"/>
                <line number="394" hits="0"/>
              </lines>
            </method>
            <method name="ensureTempDir" signature="" line-rate="0" branch-rate="0" complexity="1">
              <lines>
                <line number="400" hits="0"/>
                <line number="402" hits="0"/>
                <line number="404" hits="0"/>
              </lines>
            </method>
            <method name="resolveTailwindCommandBase" signature="" line-rate="0.2" branch-rate="0" complexity="1">
              <lines>
                <line number="415" hits="5"/>
                <line number="417" hits="0"/>
                <line number="418" hits="0"/>
                <line number="419" hits="0"/>
                <line number="420" hits="0"/>
              </lines>
            </method>
            <method name="resolveTailwindExecutable" signature="" line-rate="0.75" branch-rate="0" complexity="3">
              <lines>
                <line number="426" hits="5"/>
                <line number="428" hits="5"/>
                <line number="429" hits="5"/>
                <line number="432" hits="0"/>
              </lines>
            </method>
            <method name="watchSources" signature="array $sources, bool $minify" line-rate="0" branch-rate="0" complexity="17">
              <lines>
                <line number="442" hits="0"/>
                <line number="444" hits="0"/>
                <line number="445" hits="0"/>
                <line number="446" hits="0"/>
                <line number="448" hits="0"/>
                <line number="449" hits="0"/>
                <line number="450" hits="0"/>
                <line number="451" hits="0"/>
                <line number="453" hits="0"/>
                <line number="454" hits="0"/>
                <line number="456" hits="0"/>
                <line number="457" hits="0"/>
                <line number="461" hits="0"/>
                <line number="462" hits="0"/>
                <line number="463" hits="0"/>
                <line number="466" hits="0"/>
                <line number="467" hits="0"/>
                <line number="468" hits="0"/>
                <line number="471" hits="0"/>
                <line number="472" hits="0"/>
                <line number="473" hits="0"/>
                <line number="476" hits="0"/>
                <line number="478" hits="0"/>
                <line number="479" hits="0"/>
                <line number="482" hits="0"/>
                <line number="483" hits="0"/>
                <line number="484" hits="0"/>
                <line number="485" hits="0"/>
                <line number="486" hits="0"/>
                <line number="487" hits="0"/>
                <line number="488" hits="0"/>
                <line number="489" hits="0"/>
                <line number="490" hits="0"/>
                <line number="491" hits="0"/>
                <line number="493" hits="0"/>
                <line number="494" hits="0"/>
                <line number="495" hits="0"/>
                <line number="496" hits="0"/>
                <line number="497" hits="0"/>
                <line number="498" hits="0"/>
                <line number="500" hits="0"/>
                <line number="501" hits="0"/>
                <line number="503" hits="0"/>
                <line number="505" hits="0"/>
                <line number="506" hits="0"/>
                <line number="507" hits="0"/>
                <line number="508" hits="0"/>
                <line number="511" hits="0"/>
                <line number="512" hits="0"/>
                <line number="515" hits="0"/>
                <line number="518" hits="0"/>
                <line number="519" hits="0"/>
                <line number="520" hits="0"/>
                <line number="522" hits="0"/>
                <line number="523" hits="0"/>
                <line number="528" hits="0"/>
                <line number="529" hits="0"/>
                <line number="531" hits="0"/>
              </lines>
            </method>
          </methods>
          <lines>
            <line number="96" hits="18"/>
            <line number="97" hits="18"/>
            <line number="112" hits="5"/>
            <line number="121" hits="5"/>
            <line number="122" hits="5"/>
            <line number="125" hits="5"/>
            <line number="126" hits="0"/>
            <line number="127" hits="0"/>
            <line number="130" hits="0"/>
            <line number="133" hits="0"/>
            <line number="134" hits="0"/>
            <line number="136" hits="0"/>
            <line number="141" hits="0"/>
            <line number="142" hits="0"/>
            <line number="144" hits="0"/>
            <line number="145" hits="0"/>
            <line number="148" hits="0"/>
            <line number="149" hits="0"/>
            <line number="151" hits="0"/>
            <line number="153" hits="0"/>
            <line number="154" hits="0"/>
            <line number="157" hits="0"/>
            <line number="158" hits="0"/>
            <line number="161" hits="0"/>
            <line number="162" hits="0"/>
            <line number="164" hits="0"/>
            <line number="167" hits="0"/>
            <line number="177" hits="2"/>
            <line number="187" hits="0"/>
            <line number="188" hits="0"/>
            <line number="189" hits="0"/>
            <line number="190" hits="0"/>
            <line number="192" hits="0"/>
            <line number="194" hits="0"/>
            <line number="196" hits="0"/>
            <line number="197" hits="0"/>
            <line number="203" hits="0"/>
            <line number="204" hits="0"/>
            <line number="205" hits="0"/>
            <line number="206" hits="0"/>
            <line number="207" hits="0"/>
            <line number="208" hits="0"/>
            <line number="209" hits="0"/>
            <line number="210" hits="0"/>
            <line number="212" hits="0"/>
            <line number="215" hits="0"/>
            <line number="216" hits="0"/>
            <line number="217" hits="0"/>
            <line number="218" hits="0"/>
            <line number="220" hits="0"/>
            <line number="221" hits="0"/>
            <line number="222" hits="0"/>
            <line number="224" hits="0"/>
            <line number="227" hits="0"/>
            <line number="237" hits="0"/>
            <line number="239" hits="0"/>
            <line number="240" hits="0"/>
            <line number="242" hits="0"/>
            <line number="243" hits="0"/>
            <line number="247" hits="0"/>
            <line number="249" hits="0"/>
            <line number="258" hits="0"/>
            <line number="261" hits="0"/>
            <line number="263" hits="0"/>
            <line number="265" hits="0"/>
            <line number="266" hits="0"/>
            <line number="268" hits="0"/>
            <line number="270" hits="0"/>
            <line number="271" hits="0"/>
            <line number="272" hits="0"/>
            <line number="276" hits="0"/>
            <line number="277" hits="0"/>
            <line number="280" hits="0"/>
            <line number="282" hits="0"/>
            <line number="283" hits="0"/>
            <line number="287" hits="0"/>
            <line number="290" hits="0"/>
            <line number="294" hits="0"/>
            <line number="296" hits="0"/>
            <line number="298" hits="0"/>
            <line number="299" hits="0"/>
            <line number="303" hits="0"/>
            <line number="313" hits="0"/>
            <line number="316" hits="0"/>
            <line number="317" hits="0"/>
            <line number="319" hits="0"/>
            <line number="320" hits="0"/>
            <line number="323" hits="0"/>
            <line number="325" hits="0"/>
            <line number="326" hits="0"/>
            <line number="327" hits="0"/>
            <line number="330" hits="0"/>
            <line number="331" hits="0"/>
            <line number="333" hits="0"/>
            <line number="335" hits="0"/>
            <line number="336" hits="0"/>
            <line number="339" hits="0"/>
            <line number="342" hits="0"/>
            <line number="343" hits="0"/>
            <line number="344" hits="0"/>
            <line number="345" hits="0"/>
            <line number="346" hits="0"/>
            <line number="347" hits="0"/>
            <line number="348" hits="0"/>
            <line number="349" hits="0"/>
            <line number="359" hits="0"/>
            <line number="360" hits="0"/>
            <line number="363" hits="0"/>
            <line number="365" hits="0"/>
            <line number="366" hits="0"/>
            <line number="370" hits="0"/>
            <line number="371" hits="0"/>
            <line number="372" hits="0"/>
            <line number="375" hits="0"/>
            <line number="377" hits="0"/>
            <line number="378" hits="0"/>
            <line number="379" hits="0"/>
            <line number="382" hits="0"/>
            <line number="384" hits="0"/>
            <line number="387" hits="0"/>
            <line number="388" hits="0"/>
            <line number="391" hits="0"/>
            <line number="394" hits="0"/>
            <line number="400" hits="0"/>
            <line number="402" hits="0"/>
            <line number="404" hits="0"/>
            <line number="415" hits="5"/>
            <line number="417" hits="0"/>
            <line number="418" hits="0"/>
            <line number="419" hits="0"/>
            <line number="420" hits="0"/>
            <line number="426" hits="5"/>
            <line number="428" hits="5"/>
            <line number="429" hits="5"/>
            <line number="432" hits="0"/>
            <line number="442" hits="0"/>
            <line number="444" hits="0"/>
            <line number="445" hits="0"/>
            <line number="446" hits="0"/>
            <line number="448" hits="0"/>
            <line number="449" hits="0"/>
            <line number="450" hits="0"/>
            <line number="451" hits="0"/>
            <line number="453" hits="0"/>
            <line number="454" hits="0"/>
            <line number="456" hits="0"/>
            <line number="457" hits="0"/>
            <line number="461" hits="0"/>
            <line number="462" hits="0"/>
            <line number="463" hits="0"/>
            <line number="466" hits="0"/>
            <line number="467" hits="0"/>
            <line number="468" hits="0"/>
            <line number="471" hits="0"/>
            <line number="472" hits="0"/>
            <line number="473" hits="0"/>
            <line number="476" hits="0"/>
            <line number="478" hits="0"/>
            <line number="479" hits="0"/>
            <line number="482" hits="0"/>
            <line number="483" hits="0"/>
            <line number="484" hits="0"/>
            <line number="485" hits="0"/>
            <line number="486" hits="0"/>
            <line number="487" hits="0"/>
            <line number="488" hits="0"/>
            <line number="489" hits="0"/>
            <line number="490" hits="0"/>
            <line number="491" hits="0"/>
            <line number="493" hits="0"/>
            <line number="494" hits="0"/>
            <line number="495" hits="0"/>
            <line number="496" hits="0"/>
            <line number="497" hits="0"/>
            <line number="498" hits="0"/>
            <line number="500" hits="0"/>
            <line number="501" hits="0"/>
            <line number="503" hits="0"/>
            <line number="505" hits="0"/>
            <line number="506" hits="0"/>
            <line number="507" hits="0"/>
            <line number="508" hits="0"/>
            <line number="511" hits="0"/>
            <line number="512" hits="0"/>
            <line number="515" hits="0"/>
            <line number="518" hits="0"/>
            <line number="519" hits="0"/>
            <line number="520" hits="0"/>
            <line number="522" hits="0"/>
            <line number="523" hits="0"/>
            <line number="528" hits="0"/>
            <line number="529" hits="0"/>
            <line number="531" hits="0"/>
          </lines>
        </class>
      </classes>
    </package>
  </packages>
</coverage>
