<?xml version="1.0" encoding="UTF-8"?>
<testsuites>
  <testsuite name="/var/www/html/valksor-dev/src/ValksorDev/Build/phpunit.xml" tests="145" assertions="206" errors="0" failures="0" skipped="1" time="0.001000">
    <testsuite name="Valksor Bundle" tests="145" assertions="206" errors="0" failures="0" skipped="1" time="0.001000">
      <testsuite name="ValksorDev\Build\Tests\AbstractCommandTest" file="/var/www/html/valksor-dev/src/ValksorDev/Build/Tests/AbstractCommandTest.php" tests="5" assertions="6" errors="0" failures="0" skipped="0" time="0.001000">
        <testcase name="testCommandInheritance" file="/var/www/html/valksor-dev/src/ValksorDev/Build/Tests/AbstractCommandTest.php" line="31" class="ValksorDev\Build\Tests\AbstractCommandTest" classname="ValksorDev.Build.Tests.AbstractCommandTest" assertions="2" time="0.001000"/>
        <testcase name="testGetProviderRegistry" file="/var/www/html/valksor-dev/src/ValksorDev/Build/Tests/AbstractCommandTest.php" line="45" class="ValksorDev\Build\Tests\AbstractCommandTest" classname="ValksorDev.Build.Tests.AbstractCommandTest" assertions="1" time="0.001000"/>
        <testcase name="testWithDifferentProviderRegistry" file="/var/www/html/valksor-dev/src/ValksorDev/Build/Tests/AbstractCommandTest.php" line="57" class="ValksorDev\Build\Tests\AbstractCommandTest" classname="ValksorDev.Build.Tests.AbstractCommandTest" assertions="1" time="0.001000"/>
        <testcase name="testWithEmptyParameterBag" file="/var/www/html/valksor-dev/src/ValksorDev/Build/Tests/AbstractCommandTest.php" line="71" class="ValksorDev\Build\Tests\AbstractCommandTest" classname="ValksorDev.Build.Tests.AbstractCommandTest" assertions="1" time="0.001000"/>
        <testcase name="testWithProductionEnvironment" file="/var/www/html/valksor-dev/src/ValksorDev/Build/Tests/AbstractCommandTest.php" line="83" class="ValksorDev\Build\Tests\AbstractCommandTest" classname="ValksorDev.Build.Tests.AbstractCommandTest" assertions="1" time="0.001000"/>
      </testsuite>
      <testsuite name="ValksorDev\Build\Tests\BinaryAssetManagerTest" file="/var/www/html/valksor-dev/src/ValksorDev/Build/Tests/BinaryAssetManagerTest.php" tests="20" assertions="31" errors="0" failures="0" skipped="0" time="0.001000">
        <testcase name="testAssetsPresent" file="/var/www/html/valksor-dev/src/ValksorDev/Build/Tests/BinaryAssetManagerTest.php" line="35" class="ValksorDev\Build\Tests\BinaryAssetManagerTest" classname="ValksorDev.Build.Tests.BinaryAssetManagerTest" assertions="3" time="0.001000"/>
        <testcase name="testBackwardCompatibility" file="/var/www/html/valksor-dev/src/ValksorDev/Build/Tests/BinaryAssetManagerTest.php" line="68" class="ValksorDev\Build\Tests\BinaryAssetManagerTest" classname="ValksorDev.Build.Tests.BinaryAssetManagerTest" assertions="0" time="0.001000"/>
        <testcase name="testCommitStrategyWithoutCommitRef" file="/var/www/html/valksor-dev/src/ValksorDev/Build/Tests/BinaryAssetManagerTest.php" line="88" class="ValksorDev\Build\Tests\BinaryAssetManagerTest" classname="ValksorDev.Build.Tests.BinaryAssetManagerTest" assertions="0" time="0.001000"/>
        <testcase name="testConstructorWithCommitStrategy" file="/var/www/html/valksor-dev/src/ValksorDev/Build/Tests/BinaryAssetManagerTest.php" line="109" class="ValksorDev\Build\Tests\BinaryAssetManagerTest" classname="ValksorDev.Build.Tests.BinaryAssetManagerTest" assertions="0" time="0.001000"/>
        <testcase name="testConstructorWithTagStrategy" file="/var/www/html/valksor-dev/src/ValksorDev/Build/Tests/BinaryAssetManagerTest.php" line="130" class="ValksorDev\Build\Tests\BinaryAssetManagerTest" classname="ValksorDev.Build.Tests.BinaryAssetManagerTest" assertions="0" time="0.001000"/>
        <testcase name="testConstructorWithValidConfig" file="/var/www/html/valksor-dev/src/ValksorDev/Build/Tests/BinaryAssetManagerTest.php" line="147" class="ValksorDev\Build\Tests\BinaryAssetManagerTest" classname="ValksorDev.Build.Tests.BinaryAssetManagerTest" assertions="0" time="0.001000"/>
        <testcase name="testEnsureDirectory" file="/var/www/html/valksor-dev/src/ValksorDev/Build/Tests/BinaryAssetManagerTest.php" line="166" class="ValksorDev\Build\Tests\BinaryAssetManagerTest" classname="ValksorDev.Build.Tests.BinaryAssetManagerTest" assertions="3" time="0.001000"/>
        <testcase name="testEnsureLatestWithCommitStrategy" file="/var/www/html/valksor-dev/src/ValksorDev/Build/Tests/BinaryAssetManagerTest.php" line="194" class="ValksorDev\Build\Tests\BinaryAssetManagerTest" classname="ValksorDev.Build.Tests.BinaryAssetManagerTest" assertions="2" time="0.001000"/>
        <testcase name="testEnsureLatestWithExistingCurrentVersion" file="/var/www/html/valksor-dev/src/ValksorDev/Build/Tests/BinaryAssetManagerTest.php" line="219" class="ValksorDev\Build\Tests\BinaryAssetManagerTest" classname="ValksorDev.Build.Tests.BinaryAssetManagerTest" assertions="1" time="0.001000"/>
        <testcase name="testEnsureLatestWithGithubZipSource" file="/var/www/html/valksor-dev/src/ValksorDev/Build/Tests/BinaryAssetManagerTest.php" line="250" class="ValksorDev\Build\Tests\BinaryAssetManagerTest" classname="ValksorDev.Build.Tests.BinaryAssetManagerTest" assertions="1" time="0.001000"/>
        <testcase name="testEnsureLatestWithNoExistingAssets" file="/var/www/html/valksor-dev/src/ValksorDev/Build/Tests/BinaryAssetManagerTest.php" line="270" class="ValksorDev\Build\Tests\BinaryAssetManagerTest" classname="ValksorDev.Build.Tests.BinaryAssetManagerTest" assertions="1" time="0.001000"/>
        <testcase name="testEnsureLatestWithNpmSource" file="/var/www/html/valksor-dev/src/ValksorDev/Build/Tests/BinaryAssetManagerTest.php" line="293" class="ValksorDev\Build\Tests\BinaryAssetManagerTest" classname="ValksorDev.Build.Tests.BinaryAssetManagerTest" assertions="1" time="0.001000"/>
        <testcase name="testEnsureLatestWithTagStrategy" file="/var/www/html/valksor-dev/src/ValksorDev/Build/Tests/BinaryAssetManagerTest.php" line="313" class="ValksorDev\Build\Tests\BinaryAssetManagerTest" classname="ValksorDev.Build.Tests.BinaryAssetManagerTest" assertions="2" time="0.001000"/>
        <testcase name="testFetchLatestCommitWithInvalidGithubResponse" file="/var/www/html/valksor-dev/src/ValksorDev/Build/Tests/BinaryAssetManagerTest.php" line="337" class="ValksorDev\Build\Tests\BinaryAssetManagerTest" classname="ValksorDev.Build.Tests.BinaryAssetManagerTest" assertions="2" time="0.001000"/>
        <testcase name="testFetchLatestTagWithInvalidGithubResponse" file="/var/www/html/valksor-dev/src/ValksorDev/Build/Tests/BinaryAssetManagerTest.php" line="361" class="ValksorDev\Build\Tests\BinaryAssetManagerTest" classname="ValksorDev.Build.Tests.BinaryAssetManagerTest" assertions="2" time="0.001000"/>
        <testcase name="testGetDefaultBranchWithInvalidGithubResponse" file="/var/www/html/valksor-dev/src/ValksorDev/Build/Tests/BinaryAssetManagerTest.php" line="384" class="ValksorDev\Build\Tests\BinaryAssetManagerTest" classname="ValksorDev.Build.Tests.BinaryAssetManagerTest" assertions="2" time="0.001000"/>
        <testcase name="testGetLatestReleaseWithInvalidGithubResponse" file="/var/www/html/valksor-dev/src/ValksorDev/Build/Tests/BinaryAssetManagerTest.php" line="408" class="ValksorDev\Build\Tests\BinaryAssetManagerTest" classname="ValksorDev.Build.Tests.BinaryAssetManagerTest" assertions="1" time="0.001000"/>
        <testcase name="testLogFunctionality" file="/var/www/html/valksor-dev/src/ValksorDev/Build/Tests/BinaryAssetManagerTest.php" line="430" class="ValksorDev\Build\Tests\BinaryAssetManagerTest" classname="ValksorDev.Build.Tests.BinaryAssetManagerTest" assertions="2" time="0.001000"/>
        <testcase name="testVersionFileOperations" file="/var/www/html/valksor-dev/src/ValksorDev/Build/Tests/BinaryAssetManagerTest.php" line="461" class="ValksorDev\Build\Tests\BinaryAssetManagerTest" classname="ValksorDev.Build.Tests.BinaryAssetManagerTest" assertions="4" time="0.001000"/>
        <testcase name="testWriteVersionFile" file="/var/www/html/valksor-dev/src/ValksorDev/Build/Tests/BinaryAssetManagerTest.php" line="504" class="ValksorDev\Build\Tests\BinaryAssetManagerTest" classname="ValksorDev.Build.Tests.BinaryAssetManagerTest" assertions="4" time="0.001000"/>
      </testsuite>
      <testsuite name="ValksorDev\Build\Tests\BinaryEnsureCommandTest" file="/var/www/html/valksor-dev/src/ValksorDev/Build/Tests/BinaryEnsureCommandTest.php" tests="6" assertions="9" errors="0" failures="0" skipped="0" time="0.001000">
        <testcase name="testCommandConfiguration" file="/var/www/html/valksor-dev/src/ValksorDev/Build/Tests/BinaryEnsureCommandTest.php" line="37" class="ValksorDev\Build\Tests\BinaryEnsureCommandTest" classname="ValksorDev.Build.Tests.BinaryEnsureCommandTest" assertions="2" time="0.001000"/>
        <testcase name="testCommandExecutionRequiresValidTool" file="/var/www/html/valksor-dev/src/ValksorDev/Build/Tests/BinaryEnsureCommandTest.php" line="46" class="ValksorDev\Build\Tests\BinaryEnsureCommandTest" classname="ValksorDev.Build.Tests.BinaryEnsureCommandTest" assertions="1" time="0.001000"/>
        <testcase name="testCommandExecutionWithValidTool" file="/var/www/html/valksor-dev/src/ValksorDev/Build/Tests/BinaryEnsureCommandTest.php" line="61" class="ValksorDev\Build\Tests\BinaryEnsureCommandTest" classname="ValksorDev.Build.Tests.BinaryEnsureCommandTest" assertions="1" time="0.001000"/>
        <testcase name="testCommandHasRequiredToolArgument" file="/var/www/html/valksor-dev/src/ValksorDev/Build/Tests/BinaryEnsureCommandTest.php" line="74" class="ValksorDev\Build\Tests\BinaryEnsureCommandTest" classname="ValksorDev.Build.Tests.BinaryEnsureCommandTest" assertions="2" time="0.001000"/>
        <testcase name="testCommandInApplication" file="/var/www/html/valksor-dev/src/ValksorDev/Build/Tests/BinaryEnsureCommandTest.php" line="81" class="ValksorDev\Build\Tests\BinaryEnsureCommandTest" classname="ValksorDev.Build.Tests.BinaryEnsureCommandTest" assertions="1" time="0.001000"/>
        <testcase name="testConfigureWithAvailableBinaries" file="/var/www/html/valksor-dev/src/ValksorDev/Build/Tests/BinaryEnsureCommandTest.php" line="90" class="ValksorDev\Build\Tests\BinaryEnsureCommandTest" classname="ValksorDev.Build.Tests.BinaryEnsureCommandTest" assertions="2" time="0.001000"/>
      </testsuite>
      <testsuite name="ValksorDev\Build\Tests\BinaryRegistryTest" file="/var/www/html/valksor-dev/src/ValksorDev/Build/Tests/BinaryRegistryTest.php" tests="7" assertions="15" errors="0" failures="0" skipped="0" time="0.001000">
        <testcase name="testGetAvailableNames" file="/var/www/html/valksor-dev/src/ValksorDev/Build/Tests/BinaryRegistryTest.php" line="30" class="ValksorDev\Build\Tests\BinaryRegistryTest" classname="ValksorDev.Build.Tests.BinaryRegistryTest" assertions="2" time="0.001000"/>
        <testcase name="testGetExistingProvider" file="/var/www/html/valksor-dev/src/ValksorDev/Build/Tests/BinaryRegistryTest.php" line="37" class="ValksorDev\Build\Tests\BinaryRegistryTest" classname="ValksorDev.Build.Tests.BinaryRegistryTest" assertions="1" time="0.001000"/>
        <testcase name="testGetNonExistentProviderThrowsException" file="/var/www/html/valksor-dev/src/ValksorDev/Build/Tests/BinaryRegistryTest.php" line="43" class="ValksorDev\Build\Tests\BinaryRegistryTest" classname="ValksorDev.Build.Tests.BinaryRegistryTest" assertions="2" time="0.001000"/>
        <testcase name="testHasProvider" file="/var/www/html/valksor-dev/src/ValksorDev/Build/Tests/BinaryRegistryTest.php" line="51" class="ValksorDev\Build\Tests\BinaryRegistryTest" classname="ValksorDev.Build.Tests.BinaryRegistryTest" assertions="2" time="0.001000"/>
        <testcase name="testMultipleProvidersRegistration" file="/var/www/html/valksor-dev/src/ValksorDev/Build/Tests/BinaryRegistryTest.php" line="57" class="ValksorDev\Build\Tests\BinaryRegistryTest" classname="ValksorDev.Build.Tests.BinaryRegistryTest" assertions="3" time="0.001000"/>
        <testcase name="testProviderOverride" file="/var/www/html/valksor-dev/src/ValksorDev/Build/Tests/BinaryRegistryTest.php" line="72" class="ValksorDev\Build\Tests\BinaryRegistryTest" classname="ValksorDev.Build.Tests.BinaryRegistryTest" assertions="3" time="0.001000"/>
        <testcase name="testRegisterProvider" file="/var/www/html/valksor-dev/src/ValksorDev/Build/Tests/BinaryRegistryTest.php" line="84" class="ValksorDev\Build\Tests\BinaryRegistryTest" classname="ValksorDev.Build.Tests.BinaryRegistryTest" assertions="2" time="0.001000"/>
      </testsuite>
      <testsuite name="ValksorDev\Build\Tests\DevCommandTest" file="/var/www/html/valksor-dev/src/ValksorDev/Build/Tests/DevCommandTest.php" tests="8" assertions="6" errors="0" failures="0" skipped="0" time="0.001000">
        <testcase name="testCommandConfiguration" file="/var/www/html/valksor-dev/src/ValksorDev/Build/Tests/DevCommandTest.php" line="37" class="ValksorDev\Build\Tests\DevCommandTest" classname="ValksorDev.Build.Tests.DevCommandTest" assertions="2" time="0.001000"/>
        <testcase name="testCommandDescription" file="/var/www/html/valksor-dev/src/ValksorDev/Build/Tests/DevCommandTest.php" line="46" class="ValksorDev\Build\Tests\DevCommandTest" classname="ValksorDev.Build.Tests.DevCommandTest" assertions="1" time="0.001000"/>
        <testcase name="testCommandExecution" file="/var/www/html/valksor-dev/src/ValksorDev/Build/Tests/DevCommandTest.php" line="56" class="ValksorDev\Build\Tests\DevCommandTest" classname="ValksorDev.Build.Tests.DevCommandTest" assertions="1" time="0.001000"/>
        <testcase name="testCommandName" file="/var/www/html/valksor-dev/src/ValksorDev/Build/Tests/DevCommandTest.php" line="75" class="ValksorDev\Build\Tests\DevCommandTest" classname="ValksorDev.Build.Tests.DevCommandTest" assertions="1" time="0.001000"/>
        <testcase name="testGetProviderRegistry" file="/var/www/html/valksor-dev/src/ValksorDev/Build/Tests/DevCommandTest.php" line="85" class="ValksorDev\Build\Tests\DevCommandTest" classname="ValksorDev.Build.Tests.DevCommandTest" assertions="1" time="0.001000"/>
        <testcase name="testWithDifferentDevService" file="/var/www/html/valksor-dev/src/ValksorDev/Build/Tests/DevCommandTest.php" line="95" class="ValksorDev\Build\Tests\DevCommandTest" classname="ValksorDev.Build.Tests.DevCommandTest" assertions="0" time="0.001000"/>
        <testcase name="testWithEmptyServices" file="/var/www/html/valksor-dev/src/ValksorDev/Build/Tests/DevCommandTest.php" line="108" class="ValksorDev\Build\Tests\DevCommandTest" classname="ValksorDev.Build.Tests.DevCommandTest" assertions="0" time="0.001000"/>
        <testcase name="testWithProductionEnvironment" file="/var/www/html/valksor-dev/src/ValksorDev/Build/Tests/DevCommandTest.php" line="121" class="ValksorDev\Build\Tests\DevCommandTest" classname="ValksorDev.Build.Tests.DevCommandTest" assertions="0" time="0.001000"/>
      </testsuite>
      <testsuite name="ValksorDev\Build\Tests\DevServiceTest" file="/var/www/html/valksor-dev/src/ValksorDev/Build/Tests/DevServiceTest.php" tests="9" assertions="9" errors="0" failures="0" skipped="0" time="0.001000">
        <testcase name="testGetParameterBag" file="/var/www/html/valksor-dev/src/ValksorDev/Build/Tests/DevServiceTest.php" line="34" class="ValksorDev\Build\Tests\DevServiceTest" classname="ValksorDev.Build.Tests.DevServiceTest" assertions="1" time="0.001000"/>
        <testcase name="testGetProviderRegistry" file="/var/www/html/valksor-dev/src/ValksorDev/Build/Tests/DevServiceTest.php" line="41" class="ValksorDev\Build\Tests\DevServiceTest" classname="ValksorDev.Build.Tests.DevServiceTest" assertions="1" time="0.001000"/>
        <testcase name="testGetServiceName" file="/var/www/html/valksor-dev/src/ValksorDev/Build/Tests/DevServiceTest.php" line="48" class="ValksorDev\Build\Tests\DevServiceTest" classname="ValksorDev.Build.Tests.DevServiceTest" assertions="1" time="0.001000"/>
        <testcase name="testSetIo" file="/var/www/html/valksor-dev/src/ValksorDev/Build/Tests/DevServiceTest.php" line="53" class="ValksorDev\Build\Tests\DevServiceTest" classname="ValksorDev.Build.Tests.DevServiceTest" assertions="1" time="0.001000"/>
        <testcase name="testStart" file="/var/www/html/valksor-dev/src/ValksorDev/Build/Tests/DevServiceTest.php" line="63" class="ValksorDev\Build\Tests\DevServiceTest" classname="ValksorDev.Build.Tests.DevServiceTest" assertions="1" time="0.001000"/>
        <testcase name="testStartWithoutIo" file="/var/www/html/valksor-dev/src/ValksorDev/Build/Tests/DevServiceTest.php" line="79" class="ValksorDev\Build\Tests\DevServiceTest" classname="ValksorDev.Build.Tests.DevServiceTest" assertions="1" time="0.001000"/>
        <testcase name="testStop" file="/var/www/html/valksor-dev/src/ValksorDev/Build/Tests/DevServiceTest.php" line="92" class="ValksorDev\Build\Tests\DevServiceTest" classname="ValksorDev.Build.Tests.DevServiceTest" assertions="1" time="0.001000"/>
        <testcase name="testWithDifferentEnvironment" file="/var/www/html/valksor-dev/src/ValksorDev/Build/Tests/DevServiceTest.php" line="102" class="ValksorDev\Build\Tests\DevServiceTest" classname="ValksorDev.Build.Tests.DevServiceTest" assertions="1" time="0.001000"/>
        <testcase name="testWithEmptyServices" file="/var/www/html/valksor-dev/src/ValksorDev/Build/Tests/DevServiceTest.php" line="120" class="ValksorDev\Build\Tests\DevServiceTest" classname="ValksorDev.Build.Tests.DevServiceTest" assertions="1" time="0.001000"/>
      </testsuite>
      <testsuite name="ValksorDev\Build\Tests\DevWatchCommandTest" file="/var/www/html/valksor-dev/src/ValksorDev/Build/Tests/DevWatchCommandTest.php" tests="9" assertions="9" errors="0" failures="0" skipped="0" time="0.001000">
        <testcase name="testCommandConfiguration" file="/var/www/html/valksor-dev/src/ValksorDev/Build/Tests/DevWatchCommandTest.php" line="39" class="ValksorDev\Build\Tests\DevWatchCommandTest" classname="ValksorDev.Build.Tests.DevWatchCommandTest" assertions="3" time="0.001000"/>
        <testcase name="testCommandDescription" file="/var/www/html/valksor-dev/src/ValksorDev/Build/Tests/DevWatchCommandTest.php" line="52" class="ValksorDev\Build\Tests\DevWatchCommandTest" classname="ValksorDev.Build.Tests.DevWatchCommandTest" assertions="1" time="0.001000"/>
        <testcase name="testCommandExecution" file="/var/www/html/valksor-dev/src/ValksorDev/Build/Tests/DevWatchCommandTest.php" line="62" class="ValksorDev\Build\Tests\DevWatchCommandTest" classname="ValksorDev.Build.Tests.DevWatchCommandTest" assertions="1" time="0.001000"/>
        <testcase name="testCommandName" file="/var/www/html/valksor-dev/src/ValksorDev/Build/Tests/DevWatchCommandTest.php" line="80" class="ValksorDev\Build\Tests\DevWatchCommandTest" classname="ValksorDev.Build.Tests.DevWatchCommandTest" assertions="1" time="0.001000"/>
        <testcase name="testGetProviderRegistry" file="/var/www/html/valksor-dev/src/ValksorDev/Build/Tests/DevWatchCommandTest.php" line="90" class="ValksorDev\Build\Tests\DevWatchCommandTest" classname="ValksorDev.Build.Tests.DevWatchCommandTest" assertions="1" time="0.001000"/>
        <testcase name="testServiceIntegration" file="/var/www/html/valksor-dev/src/ValksorDev/Build/Tests/DevWatchCommandTest.php" line="100" class="ValksorDev\Build\Tests\DevWatchCommandTest" classname="ValksorDev.Build.Tests.DevWatchCommandTest" assertions="2" time="0.001000"/>
        <testcase name="testWithDifferentDevWatchService" file="/var/www/html/valksor-dev/src/ValksorDev/Build/Tests/DevWatchCommandTest.php" line="109" class="ValksorDev\Build\Tests\DevWatchCommandTest" classname="ValksorDev.Build.Tests.DevWatchCommandTest" assertions="0" time="0.001000"/>
        <testcase name="testWithEmptyServices" file="/var/www/html/valksor-dev/src/ValksorDev/Build/Tests/DevWatchCommandTest.php" line="122" class="ValksorDev\Build\Tests\DevWatchCommandTest" classname="ValksorDev.Build.Tests.DevWatchCommandTest" assertions="0" time="0.001000"/>
        <testcase name="testWithProductionEnvironment" file="/var/www/html/valksor-dev/src/ValksorDev/Build/Tests/DevWatchCommandTest.php" line="135" class="ValksorDev\Build\Tests\DevWatchCommandTest" classname="ValksorDev.Build.Tests.DevWatchCommandTest" assertions="0" time="0.001000"/>
      </testsuite>
      <testsuite name="ValksorDev\Build\Tests\DevWatchServiceTest" file="/var/www/html/valksor-dev/src/ValksorDev/Build/Tests/DevWatchServiceTest.php" tests="9" assertions="9" errors="0" failures="0" skipped="0" time="0.001000">
        <testcase name="testGetParameterBag" file="/var/www/html/valksor-dev/src/ValksorDev/Build/Tests/DevWatchServiceTest.php" line="34" class="ValksorDev\Build\Tests\DevWatchServiceTest" classname="ValksorDev.Build.Tests.DevWatchServiceTest" assertions="1" time="0.001000"/>
        <testcase name="testGetProviderRegistry" file="/var/www/html/valksor-dev/src/ValksorDev/Build/Tests/DevWatchServiceTest.php" line="41" class="ValksorDev\Build\Tests\DevWatchServiceTest" classname="ValksorDev.Build.Tests.DevWatchServiceTest" assertions="1" time="0.001000"/>
        <testcase name="testSetIo" file="/var/www/html/valksor-dev/src/ValksorDev/Build/Tests/DevWatchServiceTest.php" line="48" class="ValksorDev\Build\Tests\DevWatchServiceTest" classname="ValksorDev.Build.Tests.DevWatchServiceTest" assertions="1" time="0.001000"/>
        <testcase name="testStart" file="/var/www/html/valksor-dev/src/ValksorDev/Build/Tests/DevWatchServiceTest.php" line="58" class="ValksorDev\Build\Tests\DevWatchServiceTest" classname="ValksorDev.Build.Tests.DevWatchServiceTest" assertions="1" time="0.001000"/>
        <testcase name="testStartWithoutIo" file="/var/www/html/valksor-dev/src/ValksorDev/Build/Tests/DevWatchServiceTest.php" line="73" class="ValksorDev\Build\Tests\DevWatchServiceTest" classname="ValksorDev.Build.Tests.DevWatchServiceTest" assertions="1" time="0.001000"/>
        <testcase name="testStop" file="/var/www/html/valksor-dev/src/ValksorDev/Build/Tests/DevWatchServiceTest.php" line="86" class="ValksorDev\Build\Tests\DevWatchServiceTest" classname="ValksorDev.Build.Tests.DevWatchServiceTest" assertions="1" time="0.001000"/>
        <testcase name="testWithDifferentEnvironment" file="/var/www/html/valksor-dev/src/ValksorDev/Build/Tests/DevWatchServiceTest.php" line="96" class="ValksorDev\Build\Tests\DevWatchServiceTest" classname="ValksorDev.Build.Tests.DevWatchServiceTest" assertions="1" time="0.001000"/>
        <testcase name="testWithDisabledServices" file="/var/www/html/valksor-dev/src/ValksorDev/Build/Tests/DevWatchServiceTest.php" line="114" class="ValksorDev\Build\Tests\DevWatchServiceTest" classname="ValksorDev.Build.Tests.DevWatchServiceTest" assertions="1" time="0.001000"/>
        <testcase name="testWithEmptyServices" file="/var/www/html/valksor-dev/src/ValksorDev/Build/Tests/DevWatchServiceTest.php" line="147" class="ValksorDev\Build\Tests\DevWatchServiceTest" classname="ValksorDev.Build.Tests.DevWatchServiceTest" assertions="1" time="0.001000"/>
      </testsuite>
      <testsuite name="ValksorDev\Build\Tests\HotReloadCommandTest" file="/var/www/html/valksor-dev/src/ValksorDev/Build/Tests/HotReloadCommandTest.php" tests="5" assertions="5" errors="0" failures="0" skipped="0" time="0.001000">
        <testcase name="testCommandConfigure" file="/var/www/html/valksor-dev/src/ValksorDev/Build/Tests/HotReloadCommandTest.php" line="35" class="ValksorDev\Build\Tests\HotReloadCommandTest" classname="ValksorDev.Build.Tests.HotReloadCommandTest" assertions="1" time="0.001000"/>
        <testcase name="testCommandExecution" file="/var/www/html/valksor-dev/src/ValksorDev/Build/Tests/HotReloadCommandTest.php" line="45" class="ValksorDev\Build\Tests\HotReloadCommandTest" classname="ValksorDev.Build.Tests.HotReloadCommandTest" assertions="1" time="0.001000"/>
        <testcase name="testCommandExecutionWithNonInteractiveOption" file="/var/www/html/valksor-dev/src/ValksorDev/Build/Tests/HotReloadCommandTest.php" line="62" class="ValksorDev\Build\Tests\HotReloadCommandTest" classname="ValksorDev.Build.Tests.HotReloadCommandTest" assertions="1" time="0.001000"/>
        <testcase name="testCommandExecutionWithoutWatchOption" file="/var/www/html/valksor-dev/src/ValksorDev/Build/Tests/HotReloadCommandTest.php" line="79" class="ValksorDev\Build\Tests\HotReloadCommandTest" classname="ValksorDev.Build.Tests.HotReloadCommandTest" assertions="1" time="0.001000"/>
        <testcase name="testCommandInApplication" file="/var/www/html/valksor-dev/src/ValksorDev/Build/Tests/HotReloadCommandTest.php" line="93" class="ValksorDev\Build\Tests\HotReloadCommandTest" classname="ValksorDev.Build.Tests.HotReloadCommandTest" assertions="1" time="0.001000"/>
      </testsuite>
      <testsuite name="ValksorDev\Build\Tests\HotReloadServiceTest" file="/var/www/html/valksor-dev/src/ValksorDev/Build/Tests/HotReloadServiceTest.php" tests="9" assertions="8" errors="0" failures="0" skipped="0" time="0.001000">
        <testcase name="testGetServiceName" file="/var/www/html/valksor-dev/src/ValksorDev/Build/Tests/HotReloadServiceTest.php" line="33" class="ValksorDev\Build\Tests\HotReloadServiceTest" classname="ValksorDev.Build.Tests.HotReloadServiceTest" assertions="1" time="0.001000"/>
        <testcase name="testIsRunning" file="/var/www/html/valksor-dev/src/ValksorDev/Build/Tests/HotReloadServiceTest.php" line="38" class="ValksorDev\Build\Tests\HotReloadServiceTest" classname="ValksorDev.Build.Tests.HotReloadServiceTest" assertions="1" time="0.001000"/>
        <testcase name="testReload" file="/var/www/html/valksor-dev/src/ValksorDev/Build/Tests/HotReloadServiceTest.php" line="46" class="ValksorDev\Build\Tests\HotReloadServiceTest" classname="ValksorDev.Build.Tests.HotReloadServiceTest" assertions="1" time="0.001000"/>
        <testcase name="testStart" file="/var/www/html/valksor-dev/src/ValksorDev/Build/Tests/HotReloadServiceTest.php" line="61" class="ValksorDev\Build\Tests\HotReloadServiceTest" classname="ValksorDev.Build.Tests.HotReloadServiceTest" assertions="1" time="0.001000"/>
        <testcase name="testStartWithMinimalConfig" file="/var/www/html/valksor-dev/src/ValksorDev/Build/Tests/HotReloadServiceTest.php" line="75" class="ValksorDev\Build\Tests\HotReloadServiceTest" classname="ValksorDev.Build.Tests.HotReloadServiceTest" assertions="1" time="0.001000"/>
        <testcase name="testStartWithNoWatchDirectories" file="/var/www/html/valksor-dev/src/ValksorDev/Build/Tests/HotReloadServiceTest.php" line="102" class="ValksorDev\Build\Tests\HotReloadServiceTest" classname="ValksorDev.Build.Tests.HotReloadServiceTest" assertions="1" time="0.001000"/>
        <testcase name="testStop" file="/var/www/html/valksor-dev/src/ValksorDev/Build/Tests/HotReloadServiceTest.php" line="131" class="ValksorDev\Build\Tests\HotReloadServiceTest" classname="ValksorDev.Build.Tests.HotReloadServiceTest" assertions="1" time="0.001000"/>
        <testcase name="testWithDifferentExtensions" file="/var/www/html/valksor-dev/src/ValksorDev/Build/Tests/HotReloadServiceTest.php" line="141" class="ValksorDev\Build\Tests\HotReloadServiceTest" classname="ValksorDev.Build.Tests.HotReloadServiceTest" assertions="1" time="0.001000"/>
        <testcase name="testWithProductionEnvironment" file="/var/www/html/valksor-dev/src/ValksorDev/Build/Tests/HotReloadServiceTest.php" line="169" class="ValksorDev\Build\Tests\HotReloadServiceTest" classname="ValksorDev.Build.Tests.HotReloadServiceTest" assertions="0" time="0.001000"/>
      </testsuite>
      <testsuite name="ValksorDev\Build\Tests\PathFilterTest" file="/var/www/html/valksor-dev/src/ValksorDev/Build/Tests/PathFilterTest.php" tests="2" assertions="16" errors="0" failures="0" skipped="0" time="0.001000">
        <testcase name="testDirectoryFiltering" file="/var/www/html/valksor-dev/src/ValksorDev/Build/Tests/PathFilterTest.php" line="21" class="ValksorDev\Build\Tests\PathFilterTest" classname="ValksorDev.Build.Tests.PathFilterTest" assertions="3" time="0.001000"/>
        <testcase name="testPathFilteringRules" file="/var/www/html/valksor-dev/src/ValksorDev/Build/Tests/PathFilterTest.php" line="30" class="ValksorDev\Build\Tests\PathFilterTest" classname="ValksorDev.Build.Tests.PathFilterTest" assertions="13" time="0.001000"/>
      </testsuite>
      <testsuite name="ValksorDev\Build\Tests\ProcessManagerTest" file="/var/www/html/valksor-dev/src/ValksorDev/Build/Tests/ProcessManagerTest.php" tests="13" assertions="24" errors="0" failures="0" skipped="0" time="0.001000">
        <testcase name="testAddProcess" file="/var/www/html/valksor-dev/src/ValksorDev/Build/Tests/ProcessManagerTest.php" line="29" class="ValksorDev\Build\Tests\ProcessManagerTest" classname="ValksorDev.Build.Tests.ProcessManagerTest" assertions="2" time="0.001000"/>
        <testcase name="testAllProcessesRunning" file="/var/www/html/valksor-dev/src/ValksorDev/Build/Tests/ProcessManagerTest.php" line="40" class="ValksorDev\Build\Tests\ProcessManagerTest" classname="ValksorDev.Build.Tests.ProcessManagerTest" assertions="1" time="0.001000"/>
        <testcase name="testCount" file="/var/www/html/valksor-dev/src/ValksorDev/Build/Tests/ProcessManagerTest.php" line="56" class="ValksorDev\Build\Tests\ProcessManagerTest" classname="ValksorDev.Build.Tests.ProcessManagerTest" assertions="3" time="0.001000"/>
        <testcase name="testDisplayStatusWithoutIo" file="/var/www/html/valksor-dev/src/ValksorDev/Build/Tests/ProcessManagerTest.php" line="73" class="ValksorDev\Build\Tests\ProcessManagerTest" classname="ValksorDev.Build.Tests.ProcessManagerTest" assertions="1" time="0.001000"/>
        <testcase name="testExecuteProcessInteractive" file="/var/www/html/valksor-dev/src/ValksorDev/Build/Tests/ProcessManagerTest.php" line="87" class="ValksorDev\Build\Tests\ProcessManagerTest" classname="ValksorDev.Build.Tests.ProcessManagerTest" assertions="1" time="0.001000"/>
        <testcase name="testGetFailedProcesses" file="/var/www/html/valksor-dev/src/ValksorDev/Build/Tests/ProcessManagerTest.php" line="102" class="ValksorDev\Build\Tests\ProcessManagerTest" classname="ValksorDev.Build.Tests.ProcessManagerTest" assertions="3" time="0.001000"/>
        <testcase name="testGetProcessStatuses" file="/var/www/html/valksor-dev/src/ValksorDev/Build/Tests/ProcessManagerTest.php" line="130" class="ValksorDev\Build\Tests\ProcessManagerTest" classname="ValksorDev.Build.Tests.ProcessManagerTest" assertions="6" time="0.001000"/>
        <testcase name="testHasFailedProcesses" file="/var/www/html/valksor-dev/src/ValksorDev/Build/Tests/ProcessManagerTest.php" line="156" class="ValksorDev\Build\Tests\ProcessManagerTest" classname="ValksorDev.Build.Tests.ProcessManagerTest" assertions="1" time="0.001000"/>
        <testcase name="testNotAllProcessesRunning" file="/var/www/html/valksor-dev/src/ValksorDev/Build/Tests/ProcessManagerTest.php" line="174" class="ValksorDev\Build\Tests\ProcessManagerTest" classname="ValksorDev.Build.Tests.ProcessManagerTest" assertions="1" time="0.001000"/>
        <testcase name="testRemoveProcess" file="/var/www/html/valksor-dev/src/ValksorDev/Build/Tests/ProcessManagerTest.php" line="191" class="ValksorDev\Build\Tests\ProcessManagerTest" classname="ValksorDev.Build.Tests.ProcessManagerTest" assertions="2" time="0.001000"/>
        <testcase name="testShutdownStatus" file="/var/www/html/valksor-dev/src/ValksorDev/Build/Tests/ProcessManagerTest.php" line="203" class="ValksorDev\Build\Tests\ProcessManagerTest" classname="ValksorDev.Build.Tests.ProcessManagerTest" assertions="1" time="0.001000"/>
        <testcase name="testTerminateAll" file="/var/www/html/valksor-dev/src/ValksorDev/Build/Tests/ProcessManagerTest.php" line="211" class="ValksorDev\Build\Tests\ProcessManagerTest" classname="ValksorDev.Build.Tests.ProcessManagerTest" assertions="1" time="0.001000"/>
        <testcase name="testWithSymfonyStyle" file="/var/www/html/valksor-dev/src/ValksorDev/Build/Tests/ProcessManagerTest.php" line="227" class="ValksorDev\Build\Tests\ProcessManagerTest" classname="ValksorDev.Build.Tests.ProcessManagerTest" assertions="1" time="0.001000"/>
      </testsuite>
      <testsuite name="ValksorDev\Build\Tests\ProviderRegistryTest" file="/var/www/html/valksor-dev/src/ValksorDev/Build/Tests/ProviderRegistryTest.php" tests="12" assertions="30" errors="0" failures="0" skipped="0" time="0.001000">
        <testcase name="testGetAvailableNames" file="/var/www/html/valksor-dev/src/ValksorDev/Build/Tests/ProviderRegistryTest.php" line="30" class="ValksorDev\Build\Tests\ProviderRegistryTest" classname="ValksorDev.Build.Tests.ProviderRegistryTest" assertions="3" time="0.001000"/>
        <testcase name="testGetExistingProvider" file="/var/www/html/valksor-dev/src/ValksorDev/Build/Tests/ProviderRegistryTest.php" line="38" class="ValksorDev\Build\Tests\ProviderRegistryTest" classname="ValksorDev.Build.Tests.ProviderRegistryTest" assertions="1" time="0.001000"/>
        <testcase name="testGetNonExistentProviderThrowsException" file="/var/www/html/valksor-dev/src/ValksorDev/Build/Tests/ProviderRegistryTest.php" line="44" class="ValksorDev\Build\Tests\ProviderRegistryTest" classname="ValksorDev.Build.Tests.ProviderRegistryTest" assertions="2" time="0.001000"/>
        <testcase name="testGetProvidersByFlag" file="/var/www/html/valksor-dev/src/ValksorDev/Build/Tests/ProviderRegistryTest.php" line="52" class="ValksorDev\Build\Tests\ProviderRegistryTest" classname="ValksorDev.Build.Tests.ProviderRegistryTest" assertions="6" time="0.001000"/>
        <testcase name="testGetProvidersByFlagSkipsMissingProviders" file="/var/www/html/valksor-dev/src/ValksorDev/Build/Tests/ProviderRegistryTest.php" line="80" class="ValksorDev\Build\Tests\ProviderRegistryTest" classname="ValksorDev.Build.Tests.ProviderRegistryTest" assertions="1" time="0.001000"/>
        <testcase name="testGetProvidersByFlagWithCustomProvider" file="/var/www/html/valksor-dev/src/ValksorDev/Build/Tests/ProviderRegistryTest.php" line="94" class="ValksorDev\Build\Tests\ProviderRegistryTest" classname="ValksorDev.Build.Tests.ProviderRegistryTest" assertions="2" time="0.001000"/>
        <testcase name="testHasProvider" file="/var/www/html/valksor-dev/src/ValksorDev/Build/Tests/ProviderRegistryTest.php" line="109" class="ValksorDev\Build\Tests\ProviderRegistryTest" classname="ValksorDev.Build.Tests.ProviderRegistryTest" assertions="3" time="0.001000"/>
        <testcase name="testMultipleProvidersRegistration" file="/var/www/html/valksor-dev/src/ValksorDev/Build/Tests/ProviderRegistryTest.php" line="116" class="ValksorDev\Build\Tests\ProviderRegistryTest" classname="ValksorDev.Build.Tests.ProviderRegistryTest" assertions="3" time="0.001000"/>
        <testcase name="testProviderDependencyResolution" file="/var/www/html/valksor-dev/src/ValksorDev/Build/Tests/ProviderRegistryTest.php" line="135" class="ValksorDev\Build\Tests\ProviderRegistryTest" classname="ValksorDev.Build.Tests.ProviderRegistryTest" assertions="1" time="0.001000"/>
        <testcase name="testProviderOverride" file="/var/www/html/valksor-dev/src/ValksorDev/Build/Tests/ProviderRegistryTest.php" line="168" class="ValksorDev\Build\Tests\ProviderRegistryTest" classname="ValksorDev.Build.Tests.ProviderRegistryTest" assertions="3" time="0.001000"/>
        <testcase name="testRegisterProvider" file="/var/www/html/valksor-dev/src/ValksorDev/Build/Tests/ProviderRegistryTest.php" line="182" class="ValksorDev\Build\Tests\ProviderRegistryTest" classname="ValksorDev.Build.Tests.ProviderRegistryTest" assertions="2" time="0.001000"/>
        <testcase name="testValidateProviders" file="/var/www/html/valksor-dev/src/ValksorDev/Build/Tests/ProviderRegistryTest.php" line="195" class="ValksorDev\Build\Tests\ProviderRegistryTest" classname="ValksorDev.Build.Tests.ProviderRegistryTest" assertions="3" time="0.001000"/>
      </testsuite>
      <testsuite name="ValksorDev\Build\Tests\RecursiveInotifyWatcherTest" file="/var/www/html/valksor-dev/src/ValksorDev/Build/Tests/RecursiveInotifyWatcherTest.php" tests="12" assertions="10" errors="0" failures="0" skipped="1" time="0.001000">
        <testcase name="testAddDuplicateRoot" file="/var/www/html/valksor-dev/src/ValksorDev/Build/Tests/RecursiveInotifyWatcherTest.php" line="33" class="ValksorDev\Build\Tests\RecursiveInotifyWatcherTest" classname="ValksorDev.Build.Tests.RecursiveInotifyWatcherTest" assertions="1" time="0.001000"/>
        <testcase name="testAddMultipleRoots" file="/var/www/html/valksor-dev/src/ValksorDev/Build/Tests/RecursiveInotifyWatcherTest.php" line="48" class="ValksorDev\Build\Tests\RecursiveInotifyWatcherTest" classname="ValksorDev.Build.Tests.RecursiveInotifyWatcherTest" assertions="1" time="0.001000"/>
        <testcase name="testAddNonExistentRoot" file="/var/www/html/valksor-dev/src/ValksorDev/Build/Tests/RecursiveInotifyWatcherTest.php" line="69" class="ValksorDev\Build\Tests\RecursiveInotifyWatcherTest" classname="ValksorDev.Build.Tests.RecursiveInotifyWatcherTest" assertions="1" time="0.001000"/>
        <testcase name="testAddRoot" file="/var/www/html/valksor-dev/src/ValksorDev/Build/Tests/RecursiveInotifyWatcherTest.php" line="84" class="ValksorDev\Build\Tests\RecursiveInotifyWatcherTest" classname="ValksorDev.Build.Tests.RecursiveInotifyWatcherTest" assertions="1" time="0.001000"/>
        <testcase name="testCallbackInvocation" file="/var/www/html/valksor-dev/src/ValksorDev/Build/Tests/RecursiveInotifyWatcherTest.php" line="98" class="ValksorDev\Build\Tests\RecursiveInotifyWatcherTest" classname="ValksorDev.Build.Tests.RecursiveInotifyWatcherTest" assertions="1" time="0.001000"/>
        <testcase name="testComplexDirectoryStructure" file="/var/www/html/valksor-dev/src/ValksorDev/Build/Tests/RecursiveInotifyWatcherTest.php" line="122" class="ValksorDev\Build\Tests\RecursiveInotifyWatcherTest" classname="ValksorDev.Build.Tests.RecursiveInotifyWatcherTest" assertions="1" time="0.001000"/>
        <testcase name="testConstructorWithInotifyAvailable" file="/var/www/html/valksor-dev/src/ValksorDev/Build/Tests/RecursiveInotifyWatcherTest.php" line="146" class="ValksorDev\Build\Tests\RecursiveInotifyWatcherTest" classname="ValksorDev.Build.Tests.RecursiveInotifyWatcherTest" assertions="0" time="0.001000"/>
        <testcase name="testConstructorWithoutInotify" file="/var/www/html/valksor-dev/src/ValksorDev/Build/Tests/RecursiveInotifyWatcherTest.php" line="157" class="ValksorDev\Build\Tests\RecursiveInotifyWatcherTest" classname="ValksorDev.Build.Tests.RecursiveInotifyWatcherTest" assertions="0" time="0.001000">
          <skipped/>
        </testcase>
        <testcase name="testGetStream" file="/var/www/html/valksor-dev/src/ValksorDev/Build/Tests/RecursiveInotifyWatcherTest.php" line="172" class="ValksorDev\Build\Tests\RecursiveInotifyWatcherTest" classname="ValksorDev.Build.Tests.RecursiveInotifyWatcherTest" assertions="1" time="0.001000"/>
        <testcase name="testPoll" file="/var/www/html/valksor-dev/src/ValksorDev/Build/Tests/RecursiveInotifyWatcherTest.php" line="186" class="ValksorDev\Build\Tests\RecursiveInotifyWatcherTest" classname="ValksorDev.Build.Tests.RecursiveInotifyWatcherTest" assertions="1" time="0.001000"/>
        <testcase name="testStopAndCleanup" file="/var/www/html/valksor-dev/src/ValksorDev/Build/Tests/RecursiveInotifyWatcherTest.php" line="201" class="ValksorDev\Build\Tests\RecursiveInotifyWatcherTest" classname="ValksorDev.Build.Tests.RecursiveInotifyWatcherTest" assertions="1" time="0.001000"/>
        <testcase name="testWithCustomPathFilter" file="/var/www/html/valksor-dev/src/ValksorDev/Build/Tests/RecursiveInotifyWatcherTest.php" line="216" class="ValksorDev\Build\Tests\RecursiveInotifyWatcherTest" classname="ValksorDev.Build.Tests.RecursiveInotifyWatcherTest" assertions="1" time="0.001000"/>
      </testsuite>
      <testsuite name="ValksorDev\Build\Tests\TailwindBuildCommandTest" file="/var/www/html/valksor-dev/src/ValksorDev/Build/Tests/TailwindBuildCommandTest.php" tests="10" assertions="11" errors="0" failures="0" skipped="0" time="0.001000">
        <testcase name="testCommandConfiguration" file="/var/www/html/valksor-dev/src/ValksorDev/Build/Tests/TailwindBuildCommandTest.php" line="39" class="ValksorDev\Build\Tests\TailwindBuildCommandTest" classname="ValksorDev.Build.Tests.TailwindBuildCommandTest" assertions="3" time="0.001000"/>
        <testcase name="testCommandDescription" file="/var/www/html/valksor-dev/src/ValksorDev/Build/Tests/TailwindBuildCommandTest.php" line="52" class="ValksorDev\Build\Tests\TailwindBuildCommandTest" classname="ValksorDev.Build.Tests.TailwindBuildCommandTest" assertions="1" time="0.001000"/>
        <testcase name="testCommandExecution" file="/var/www/html/valksor-dev/src/ValksorDev/Build/Tests/TailwindBuildCommandTest.php" line="62" class="ValksorDev\Build\Tests\TailwindBuildCommandTest" classname="ValksorDev.Build.Tests.TailwindBuildCommandTest" assertions="1" time="0.001000"/>
        <testcase name="testCommandName" file="/var/www/html/valksor-dev/src/ValksorDev/Build/Tests/TailwindBuildCommandTest.php" line="80" class="ValksorDev\Build\Tests\TailwindBuildCommandTest" classname="ValksorDev.Build.Tests.TailwindBuildCommandTest" assertions="1" time="0.001000"/>
        <testcase name="testGetProviderRegistry" file="/var/www/html/valksor-dev/src/ValksorDev/Build/Tests/TailwindBuildCommandTest.php" line="90" class="ValksorDev\Build\Tests\TailwindBuildCommandTest" classname="ValksorDev.Build.Tests.TailwindBuildCommandTest" assertions="1" time="0.001000"/>
        <testcase name="testGetTailwindService" file="/var/www/html/valksor-dev/src/ValksorDev/Build/Tests/TailwindBuildCommandTest.php" line="103" class="ValksorDev\Build\Tests\TailwindBuildCommandTest" classname="ValksorDev.Build.Tests.TailwindBuildCommandTest" assertions="1" time="0.001000"/>
        <testcase name="testServiceIntegration" file="/var/www/html/valksor-dev/src/ValksorDev/Build/Tests/TailwindBuildCommandTest.php" line="113" class="ValksorDev\Build\Tests\TailwindBuildCommandTest" classname="ValksorDev.Build.Tests.TailwindBuildCommandTest" assertions="2" time="0.001000"/>
        <testcase name="testWithDifferentProviderRegistry" file="/var/www/html/valksor-dev/src/ValksorDev/Build/Tests/TailwindBuildCommandTest.php" line="125" class="ValksorDev\Build\Tests\TailwindBuildCommandTest" classname="ValksorDev.Build.Tests.TailwindBuildCommandTest" assertions="1" time="0.001000"/>
        <testcase name="testWithEmptyParameterBag" file="/var/www/html/valksor-dev/src/ValksorDev/Build/Tests/TailwindBuildCommandTest.php" line="135" class="ValksorDev\Build\Tests\TailwindBuildCommandTest" classname="ValksorDev.Build.Tests.TailwindBuildCommandTest" assertions="0" time="0.001000"/>
        <testcase name="testWithProductionEnvironment" file="/var/www/html/valksor-dev/src/ValksorDev/Build/Tests/TailwindBuildCommandTest.php" line="146" class="ValksorDev\Build\Tests\TailwindBuildCommandTest" classname="ValksorDev.Build.Tests.TailwindBuildCommandTest" assertions="0" time="0.001000"/>
      </testsuite>
      <testsuite name="ValksorDev\Build\Tests\TailwindServiceTest" file="/var/www/html/valksor-dev/src/ValksorDev/Build/Tests/TailwindServiceTest.php" tests="9" assertions="8" errors="0" failures="0" skipped="0" time="0.001000">
        <testcase name="testGetServiceName" file="/var/www/html/valksor-dev/src/ValksorDev/Build/Tests/TailwindServiceTest.php" line="34" class="ValksorDev\Build\Tests\TailwindServiceTest" classname="ValksorDev.Build.Tests.TailwindServiceTest" assertions="1" time="0.001000"/>
        <testcase name="testSetActiveAppId" file="/var/www/html/valksor-dev/src/ValksorDev/Build/Tests/TailwindServiceTest.php" line="39" class="ValksorDev\Build\Tests\TailwindServiceTest" classname="ValksorDev.Build.Tests.TailwindServiceTest" assertions="1" time="0.001000"/>
        <testcase name="testStart" file="/var/www/html/valksor-dev/src/ValksorDev/Build/Tests/TailwindServiceTest.php" line="46" class="ValksorDev\Build\Tests\TailwindServiceTest" classname="ValksorDev.Build.Tests.TailwindServiceTest" assertions="1" time="0.001000"/>
        <testcase name="testStartWithMinify" file="/var/www/html/valksor-dev/src/ValksorDev/Build/Tests/TailwindServiceTest.php" line="76" class="ValksorDev\Build\Tests\TailwindServiceTest" classname="ValksorDev.Build.Tests.TailwindServiceTest" assertions="1" time="0.001000"/>
        <testcase name="testStartWithNoSources" file="/var/www/html/valksor-dev/src/ValksorDev/Build/Tests/TailwindServiceTest.php" line="106" class="ValksorDev\Build\Tests\TailwindServiceTest" classname="ValksorDev.Build.Tests.TailwindServiceTest" assertions="1" time="0.001000"/>
        <testcase name="testStartWithWatchMode" file="/var/www/html/valksor-dev/src/ValksorDev/Build/Tests/TailwindServiceTest.php" line="121" class="ValksorDev\Build\Tests\TailwindServiceTest" classname="ValksorDev.Build.Tests.TailwindServiceTest" assertions="1" time="0.001000"/>
        <testcase name="testStop" file="/var/www/html/valksor-dev/src/ValksorDev/Build/Tests/TailwindServiceTest.php" line="151" class="ValksorDev\Build\Tests\TailwindServiceTest" classname="ValksorDev.Build.Tests.TailwindServiceTest" assertions="1" time="0.001000"/>
        <testcase name="testWithDifferentAppId" file="/var/www/html/valksor-dev/src/ValksorDev/Build/Tests/TailwindServiceTest.php" line="160" class="ValksorDev\Build\Tests\TailwindServiceTest" classname="ValksorDev.Build.Tests.TailwindServiceTest" assertions="1" time="0.001000"/>
        <testcase name="testWithProductionEnvironment" file="/var/www/html/valksor-dev/src/ValksorDev/Build/Tests/TailwindServiceTest.php" line="172" class="ValksorDev\Build\Tests\TailwindServiceTest" classname="ValksorDev.Build.Tests.TailwindServiceTest" assertions="0" time="0.001000"/>
      </testsuite>
    </testsuite>
  </testsuite>
</testsuites>
